-1.979137 -14.728632 15.229485 2.489689 2.459063 9.115038
-1.975392 -14.741283 15.226281 2.539790 2.484645 9.129539
-1.989293 -14.821678 15.274030 2.511314 2.475320 9.175261
-1.996984 -14.801942 15.303688 2.484256 2.469661 9.163334
-2.000456 -14.759795 15.324734 2.458256 2.536369 9.157018
-1.979825 -14.728273 15.252114 2.472515 2.455272 9.129692
-1.974146 -14.751750 15.234875 2.507544 2.513283 9.147023
-1.998713 -14.758993 15.340022 2.451185 2.526044 9.192873
-1.992339 -14.760939 15.316226 2.485057 2.541349 9.195689
-1.974206 -14.741112 15.251490 2.459549 2.462766 9.188633
-1.957615 -14.788095 15.186499 2.490062 2.460139 9.107083
-1.982365 -14.693271 15.274224 2.483223 2.499764 9.195522
-1.973209 -14.853710 15.241913 2.483392 2.522949 9.141711
-2.003793 -14.790585 15.368653 2.450060 2.508869 9.147856
-1.988482 -14.833329 15.316025 2.545614 2.510037 9.182445
-1.986170 -14.699112 15.309141 2.469738 2.502613 9.127452
-1.974097 -14.773545 15.256746 2.496788 2.474269 9.113383
-1.972389 -14.788860 15.251557 2.522342 2.547637 9.191696
-2.004980 -14.744269 15.383408 2.519812 2.534524 9.112266
-1.985515 -14.789006 15.313629 2.450384 2.520010 9.125415
-1.989232 -14.739421 15.331178 2.471607 2.509378 9.127044
-1.976957 -14.706746 15.287032 2.543735 2.548861 9.138984
-1.996823 -14.668976 15.365583 2.452680 2.518289 9.145270
-1.970262 -14.761855 15.266390 2.511731 2.521736 9.196821
-1.971599 -14.836949 15.268879 2.511876 2.465003 9.134907
-1.964011 -14.797578 15.240931 2.541458 2.497612 9.169401
-1.978520 -14.795845 15.300254 2.506189 2.546998 9.127453
-1.986457 -14.770266 15.329339 2.491096 2.524942 9.151614
-1.974396 -14.749270 15.279195 2.473924 2.504160 9.104480
-1.967485 -14.825815 15.258571 2.506579 2.480969 9.105737
-1.969962 -14.751406 15.270580 2.512793 2.534063 9.159416
-1.986170 -14.811365 15.339090 2.484563 2.530169 9.100918
-1.955932 -14.736918 15.217783 2.458807 2.481940 9.182276
-1.969916 -14.774920 15.282198 2.463350 2.495009 9.133106
-1.970920 -14.699634 15.284781 2.543225 2.457482 9.130507
-1.990215 -14.760422 15.365358 2.467329 2.527545 9.193522
-1.973379 -14.717410 15.307959 2.465295 2.539869 9.149382
-1.949492 -14.745869 15.219006 2.498715 2.525032 9.126038
-1.969170 -14.702494 15.290388 2.499838 2.549869 9.122730
-1.969063 -14.673534 15.294307 2.469492 2.508135 9.164244
-1.959922 -14.740478 15.266974 2.471710 2.506727 9.133785
-1.950914 -14.735959 15.233133 2.457408 2.452493 9.168894
-1.972427 -14.770373 15.319287 2.516961 2.498224 9.174145
-1.951921 -14.788234 15.234284 2.518511 2.513412 9.119402
-1.949426 -14.761334 15.222125 2.478276 2.453649 9.125876
-1.964919 -14.709969 15.293406 2.532574 2.487712 9.192465
-1.971257 -14.733360 15.319825 2.480967 2.484627 9.198224
-1.968361 -14.748641 15.304972 2.474479 2.490364 9.184079
-1.954482 -14.801517 15.244222 2.548218 2.535488 9.122921
-1.968414 -14.762591 15.303688 2.474125 2.531886 9.165706
-1.962442 -14.832507 15.279058 2.546833 2.469737 9.185509
-1.954301 -14.758102 15.245239 2.456049 2.547646 9.149958
-1.967296 -14.807377 15.299640 2.468514 2.523568 9.192254
-1.963896 -14.719016 15.295382 2.543531 2.522256 9.146681
-1.962705 -14.703536 15.293916 2.532002 2.462307 9.163806
-1.966521 -14.786763 15.312364 2.520187 2.486583 9.192749
-1.957789 -14.786363 15.274206 2.466386 2.485938 9.157267
-1.968632 -14.783565 15.321286 2.548811 2.464291 9.148095
-1.966555 -14.774893 15.313519 2.525084 2.503193 9.128310
-1.948832 -14.722651 15.236361 2.484684 2.504716 9.174883
-1.979853 -14.718687 15.359982 2.497672 2.543056 9.197506
-1.966248 -14.742740 15.309381 2.518647 2.549310 9.139256
-1.950549 -14.843734 15.245990 2.527004 2.466407 9.123582
-1.952825 -14.781226 15.254770 2.470463 2.541867 9.197858
-1.967636 -14.801769 15.302785 2.516037 2.504907 9.170193
-1.986916 -14.704127 15.378328 2.471590 2.516401 9.116459
-1.968082 -14.733244 15.309149 2.495737 2.463124 9.124072
-1.963389 -14.771892 15.289931 2.500616 2.456213 9.170946
-1.961641 -14.793665 15.293318 2.520744 2.451552 9.122907
-1.963334 -14.711904 15.295663 2.504851 2.519326 9.158195
-1.948883 -14.807037 15.249787 2.520033 2.471614 9.154181
-1.945843 -14.811280 15.241985 2.516953 2.453756 9.104861
-1.939766 -14.725168 15.221667 2.456433 2.459158 9.150435
-1.950854 -14.775102 15.268782 2.462142 2.461512 9.148938
-1.951479 -14.749883 15.270658 2.533439 2.485737 9.143250
-1.962273 -14.750879 15.315502 2.540830 2.548936 9.138976
-1.950302 -14.847748 15.264076 2.536242 2.451934 9.141335
-1.940482 -14.790824 15.222604 2.541284 2.468017 9.136006
-1.941534 -14.807156 15.231844 2.538156 2.542579 9.197741
-1.952009 -14.788153 15.274381 2.507009 2.542843 9.115857
-1.941691 -14.812893 15.233790 2.520637 2.496163 9.175382
-1.954334 -14.715726 15.290549 2.486013 2.548429 9.131624
-1.971903 -14.794336 15.362667 2.499282 2.509257 9.102002
-1.960803 -14.804522 15.318794 2.548806 2.486532 9.172341
-1.937059 -14.783092 15.223125 2.528967 2.465815 9.192373
-1.933570 -14.758801 15.216971 2.525162 2.519923 9.119309
-1.937513 -14.866888 15.235075 2.469256 2.492605 9.176993
-1.965581 -14.782189 15.342769 2.535584 2.495652 9.133729
-1.942285 -14.770247 15.247559 2.462669 2.450214 9.128187
-1.930445 -14.767529 15.204727 2.466564 2.483505 9.140253
-1.963595 -14.731328 15.336948 2.515481 2.458137 9.122717
-1.950934 -14.712441 15.286517 2.489606 2.495974 9.164839
-1.937891 -14.721869 15.230374 2.473348 2.455016 9.103765
-1.947303 -14.710512 15.277274 2.466700 2.462727 9.160622
-1.937239 -14.697769 15.240753 2.478547 2.504075 9.168072
-1.968771 -14.723947 15.360935 2.494793 2.530587 9.115176
-1.936369 -14.736381 15.238577 2.450565 2.471437 9.140714
-1.921466 -14.696445 15.188610 2.468349 2.478011 9.157871
-1.951802 -14.785371 15.308450 2.525097 2.524705 9.131226
-1.939286 -14.834989 15.261443 2.508514 2.481389 9.115058
-1.938886 -14.791672 15.265852 2.513929 2.471198 9.129657
-1.934241 -14.742188 15.250201 2.536166 2.490391 9.189994
-1.940577 -14.802012 15.274391 2.542585 2.520096 9.139641
-1.944472 -14.764368 15.291121 2.518440 2.450635 9.105971
-1.933178 -14.746484 15.250064 2.512543 2.482830 9.185643
-1.949505 -14.727148 15.322963 2.484802 2.498298 9.149594
-1.958226 -14.741178 15.360901 2.490915 2.532140 9.198460
-1.920702 -14.792783 15.211370 2.500569 2.472366 9.143291
-1.938816 -14.767568 15.285077 2.501093 2.530002 9.149949
-1.939247 -14.703564 15.284568 2.461595 2.546985 9.173693
-1.951559 -14.740149 15.333614 2.496482 2.524122 9.131457
-1.930550 -14.800731 15.246752 2.528801 2.524579 9.133230
-1.935469 -14.803423 15.274951 2.464339 2.456147 9.187743
-1.932371 -14.803063 15.258206 2.524379 2.537060 9.160126
-1.957043 -14.787632 15.359473 2.469377 2.534438 9.116686
-1.930179 -14.827757 15.266338 2.530068 2.493342 9.143779
-1.942905 -14.751414 15.313122 2.514174 2.536003 9.131215
-1.968224 -14.732063 15.411793 2.508805 2.541149 9.192826
-1.933198 -14.666417 15.282022 2.450830 2.471198 9.198424
-1.936247 -14.714589 15.302046 2.486705 2.487084 9.181237
-1.924363 -14.833292 15.260258 2.460698 2.452939 9.186489
-1.947935 -14.710831 15.358577 2.455760 2.536448 9.146908
-1.914882 -14.711708 15.246672 2.454198 2.476160 9.142824
-1.926386 -14.739558 15.288993 2.476679 2.520591 9.113844
-1.922189 -14.820291 15.270875 2.533722 2.465008 9.189250
-1.927189 -14.774196 15.293854 2.499686 2.487013 9.103704
-1.929501 -14.749248 15.303928 2.539778 2.546558 9.133727
-1.901903 -14.741011 15.193595 2.504361 2.486742 9.198239
-1.908745 -14.769655 15.213987 2.471415 2.524737 9.172974
-1.951751 -14.821826 15.382306 2.515357 2.543639 9.123387
-1.927445 -14.739762 15.292300 2.486706 2.512705 9.160971
-1.924410 -14.786330 15.284854 2.543621 2.462347 9.107379
-1.908165 -14.798909 15.227590 2.522246 2.483819 9.127419
-1.925378 -14.731032 15.297295 2.471704 2.513896 9.131007
-1.917867 -14.744493 15.270942 2.455304 2.539787 9.149024
-1.933993 -14.822213 15.340333 2.471788 2.525173 9.190926
-1.907285 -14.690740 15.239429 2.487368 2.519569 9.199324
-1.931861 -14.772950 15.340778 2.539593 2.516288 9.159320
-1.909011 -14.800720 15.241523 2.525030 2.468825 9.160961
-1.925839 -14.762274 15.309758 2.529258 2.532848 9.153549
-1.907628 -14.784026 15.249779 2.483611 2.502680 9.143058
-1.917554 -14.712034 15.292702 2.475543 2.482232 9.161888
-1.928043 -14.765091 15.335131 2.494143 2.485520 9.117683
-1.934813 -14.758530 15.367130 2.547978 2.540830 9.177533
-1.909324 -14.823660 15.270672 2.478633 2.473173 9.199523
-1.914075 -14.769644 15.285517 2.473465 2.451045 9.192074
-1.915561 -14.703078 15.293463 2.453116 2.537105 9.132467
-1.919143 -14.837087 15.309332 2.451604 2.453012 9.184835
-1.912193 -14.803370 15.282434 2.525007 2.486057 9.175555
-1.900122 -14.771332 15.240563 2.539804 2.487105 9.118246
-1.902726 -14.712585 15.255587 2.461282 2.450705 9.196301
-1.912392 -14.745542 15.296962 2.477363 2.530222 9.129994
-1.908746 -14.702153 15.285009 2.484053 2.541474 9.118574
-1.916860 -14.696836 15.303930 2.485495 2.517727 9.146289
-1.941779 -14.790421 15.403397 2.531743 2.544510 9.121834
-1.935726 -14.688934 15.375828 2.488482 2.525760 9.190780
-1.901650 -14.819077 15.244394 2.546728 2.463662 9.183403
-1.924405 -14.830091 15.329647 2.539716 2.508982 9.113008
-1.905540 -14.751650 15.257663 2.531260 2.510896 9.189909
-1.929876 -14.727141 15.350204 2.473794 2.462479 9.113915
-1.909758 -14.678576 15.273760 2.453927 2.517198 9.184873
-1.906947 -14.752650 15.265183 2.471635 2.466827 9.152513
-1.898581 -14.754146 15.234047 2.505929 2.500599 9.173120
-1.899434 -14.761337 15.241119 2.516799 2.457297 9.112375
-1.915720 -14.709675 15.303751 2.533712 2.465828 9.159646
-1.904262 -14.824074 15.261370 2.493162 2.538783 9.104271
-1.919877 -14.757211 15.322074 2.488451 2.464269 9.113469
-1.915626 -14.754384 15.306387 2.524473 2.545624 9.132355
-1.911381 -14.752128 15.295285 2.489130 2.531817 9.175988
-1.917543 -14.773603 15.315898 2.452380 2.506474 9.109367
-1.891245 -14.819944 15.217976 2.539454 2.453054 9.175532
-1.895149 -14.719681 15.234004 2.512369 2.503952 9.149912
-1.901985 -14.694532 15.257386 2.516212 2.484567 9.138112
-1.889959 -14.716317 15.211845 2.496331 2.482181 9.118778
-1.914192 -14.786296 15.309985 2.531586 2.510076 9.153896
-1.909241 -14.762154 15.297375 2.516790 2.525201 9.137053
-1.911996 -14.796015 15.300284 2.507218 2.506756 9.149171
-1.912890 -14.787750 15.301734 2.469408 2.496457 9.103468
-1.896516 -14.758879 15.243617 2.506139 2.459428 9.194685
-1.894926 -14.869445 15.243905 2.529466 2.530564 9.194048
-1.894407 -14.741674 15.242663 2.486933 2.527900 9.134649
-1.905578 -14.770733 15.287965 2.493714 2.493810 9.122115
-1.907920 -14.758783 15.299897 2.478151 2.483641 9.112319
-1.891403 -14.816412 15.245499 2.493912 2.494167 9.198091
-1.902059 -14.739203 15.292694 2.488151 2.458455 9.127542
-1.887008 -14.696498 15.238151 2.542114 2.477667 9.162063
-1.895123 -14.759908 15.265817 2.479193 2.523277 9.149119
-1.908435 -14.747152 15.319336 2.466083 2.503352 9.155743
-1.891213 -14.746228 15.251250 2.460673 2.503246 9.186316
-1.888852 -14.831362 15.246158 2.548197 2.477260 9.173222
-1.897156 -14.757858 15.286396 2.454608 2.546977 9.157268
-1.913778 -14.702891 15.350701 2.457608 2.537480 9.173833
-1.891824 -14.796183 15.266564 2.478613 2.492036 9.119545
-1.896049 -14.747207 15.286820 2.544076 2.455430 9.150304
-1.886125 -14.719454 15.256591 2.498893 2.473009 9.198239
-1.885653 -14.799831 15.259534 2.491225 2.492687 9.154031
-1.880420 -14.769164 15.242961 2.537157 2.507023 9.194419
-1.900599 -14.771169 15.318062 2.462486 2.520627 9.182371
-1.905384 -14.679149 15.334463 2.512650 2.514747 9.187243
-1.885455 -14.916041 15.256596 2.546454 2.489613 9.168392
-1.914618 -14.695794 15.374008 2.478778 2.539043 9.101861
-1.891506 -14.762544 15.281363 2.525118 2.505920 9.159886
-1.915217 -14.822633 15.377951 2.464322 2.534396 9.100147
-1.863441 -14.779024 15.176580 2.522984 2.531442 9.151876
-1.865214 -14.804823 15.183173 2.513433 2.481920 9.179971
-1.891766 -14.794096 15.284691 2.542067 2.537706 9.114083
-1.881307 -14.677059 15.239954 2.544710 2.527990 9.183477
-1.873673 -14.869447 15.219193 2.522021 2.480250 9.174647
-1.865209 -14.797669 15.186583 2.497190 2.450758 9.164071
-1.891070 -14.775292 15.293259 2.503367 2.469171 9.169192
-1.887161 -14.835036 15.284332 2.543708 2.453541 9.127091
-1.900432 -14.759723 15.331876 2.511691 2.454060 9.185314
-1.886847 -14.746517 15.280332 2.467715 2.473630 9.157887
-1.883266 -14.739738 15.269316 2.497696 2.499265 9.154976
-1.871839 -14.693948 15.225574 2.518058 2.468476 9.171398
-1.888727 -14.807273 15.296104 2.450057 2.497356 9.120668
-1.872212 -14.777771 15.230296 2.501229 2.541475 9.133190
-1.892977 -14.786435 15.312546 2.515634 2.507159 9.176242
-1.872064 -14.794381 15.222604 2.479925 2.472753 9.192770
-1.876247 -14.757377 15.233952 2.466409 2.537239 9.120440
-1.878758 -14.747313 15.245781 2.480721 2.465958 9.142982
-1.888175 -14.746257 15.277946 2.484695 2.479403 9.149366
-1.893600 -14.818270 15.298895 2.508936 2.542793 9.149082
-1.906474 -14.744748 15.349254 2.535351 2.464259 9.187011
-1.883994 -14.768863 15.265330 2.543441 2.497186 9.191105
-1.880374 -14.747344 15.246655 2.477773 2.470475 9.138315
-1.877008 -14.812650 15.236598 2.524477 2.469475 9.152889
-1.888349 -14.753465 15.283059 2.515816 2.459384 9.164683
-1.863759 -14.827197 15.192694 2.504636 2.458928 9.151141
-1.875585 -14.702851 15.234609 2.505998 2.462794 9.190487
-1.882758 -14.782035 15.267314 2.458412 2.465406 9.103847
-1.889794 -14.760034 15.294662 2.493021 2.458468 9.157732
-1.887326 -14.758714 15.291286 2.483085 2.486432 9.177203
-1.897098 -14.834126 15.329422 2.544072 2.540227 9.156028
-1.885501 -14.779375 15.277093 2.538600 2.538074 9.187118
-1.880590 -14.868485 15.255276 2.511005 2.472507 9.100158
-1.901487 -14.780068 15.340646 2.547272 2.540062 9.123925
-1.894444 -14.768583 15.304614 2.459570 2.547064 9.144996
-1.884012 -14.686571 15.261370 2.472349 2.494313 9.106735
-1.883019 -14.882032 15.260046 2.508449 2.485254 9.106880
-1.871780 -14.807624 15.224929 2.536477 2.492047 9.168961
-1.879482 -14.718420 15.256384 2.453980 2.528505 9.199299
-1.891702 -14.736285 15.300426 2.483936 2.509219 9.114624
-1.871002 -14.782483 15.217171 2.519622 2.454998 9.155389
-1.901823 -14.837162 15.337645 2.542823 2.546019 9.184758
-1.881511 -14.750381 15.266789 2.452366 2.523350 9.110703
-1.868894 -14.809896 15.220116 2.544381 2.543297 9.153514
-1.886245 -14.799014 15.293638 2.521557 2.520753 9.102874
-1.874256 -14.760187 15.249480 2.513605 2.502723 9.190453
-1.871611 -14.770782 15.240355 2.510252 2.457536 9.124241
-1.879187 -14.742910 15.270691 2.457816 2.495360 9.180162
-1.882080 -14.780215 15.286077 2.509852 2.503005 9.187559
-1.909625 -14.733366 15.395550 2.474109 2.535494 9.106961
-1.898675 -14.691183 15.354834 2.520851 2.461739 9.188480
-1.854066 -14.791845 15.186866 2.514438 2.479439 9.188814
-1.901816 -14.748883 15.375570 2.475652 2.513538 9.117095
-1.887304 -14.760829 15.318038 2.537312 2.531712 9.101151
-1.884145 -14.681365 15.311175 2.455241 2.533038 9.180327
-1.885612 -14.743717 15.317037 2.501253 2.519677 9.181212
-1.855215 -14.778839 15.207913 2.503175 2.491545 9.173048
-1.872082 -14.823548 15.281705 2.534107 2.470790 9.174345
-1.879029 -14.697677 15.311116 2.491316 2.544858 9.130881
-1.860661 -14.688156 15.236583 2.497706 2.500107 9.197864
-1.889177 -14.744377 15.346280 2.461104 2.499574 9.170995
-1.857009 -14.747459 15.217579 2.496463 2.496828 9.199242
-1.878636 -14.734367 15.300821 2.456918 2.470077 9.115648
-1.889447 -14.819107 15.344374 2.538585 2.525826 9.130198
-1.868845 -14.758410 15.269875 2.492934 2.507988 9.194629
-1.873699 -14.814194 15.289658 2.529582 2.469767 9.144383
-1.869433 -14.694132 15.277100 2.485932 2.459891 9.107423
-1.853962 -14.730451 15.225337 2.485583 2.487079 9.157156
-1.866128 -14.795728 15.275290 2.504222 2.546863 9.135141
-1.867205 -14.772533 15.279801 2.496711 2.525095 9.103585
-1.861053 -14.783939 15.255309 2.466555 2.450119 9.124929
-1.873359 -14.673374 15.297889 2.452628 2.467849 9.138099
-1.863856 -14.751732 15.273358 2.528824 2.539180 9.141325
-1.836766 -14.780459 15.174229 2.521831 2.451952 9.189114
-1.853351 -14.769588 15.234553 2.453479 2.489716 9.151097
-1.861950 -14.765410 15.277750 2.506090 2.466626 9.168038
-1.861522 -14.749522 15.280336 2.509699 2.491472 9.103539
-1.859165 -14.790659 15.277612 2.496719 2.484757 9.112921
-1.880683 -14.738514 15.356056 2.494078 2.532192 9.190857
-1.851492 -14.754646 15.244546 2.518927 2.517311 9.129504
-1.873847 -14.740629 15.335358 2.489808 2.548912 9.158233
-1.845242 -14.711681 15.224797 2.525591 2.538030 9.130094
-1.845397 -14.738564 15.228452 2.517267 2.469731 9.137571
-1.839866 -14.766284 15.208140 2.500850 2.468286 9.162707
-1.868817 -14.839797 15.317301 2.503432 2.526201 9.120675
-1.869385 -14.789650 15.328761 2.535780 2.526029 9.188132
-1.862376 -14.802695 15.304568 2.455233 2.503882 9.105315
-1.862184 -14.716112 15.303449 2.486434 2.548079 9.148061
-1.851243 -14.775301 15.260770 2.493627 2.516731 9.166609
-1.864015 -14.777298 15.305532 2.526150 2.463739 9.136372
-1.872779 -14.801798 15.327558 2.501264 2.517390 9.113822
-1.875220 -14.809537 15.341298 2.484598 2.543581 9.127358
-1.843166 -14.757214 15.216023 2.493075 2.468788 9.170933
-1.850993 -14.778544 15.254633 2.532949 2.530446 9.194384
-1.876554 -14.699399 15.356888 2.508070 2.498650 9.190866
-1.860240 -14.761409 15.291453 2.542351 2.450658 9.183913
-1.851833 -14.773856 15.260556 2.485376 2.509869 9.152222
-1.840086 -14.706869 15.211903 2.515303 2.488385 9.134968
-1.862836 -14.776663 15.295570 2.524407 2.462371 9.156178
-1.866080 -14.826536 15.303676 2.527201 2.506387 9.137435
-1.840202 -14.801967 15.205944 2.520078 2.531436 9.112483
-1.860866 -14.773485 15.289393 2.531935 2.470598 9.183846
-1.847564 -14.767659 15.237744 2.521876 2.497530 9.155774
-1.849664 -14.708721 15.244817 2.488785 2.491229 9.171261
-1.860206 -14.845691 15.291998 2.533787 2.459652 9.111817
-1.858574 -14.762295 15.284760 2.535207 2.459319 9.151799
-1.860003 -14.722068 15.282134 2.520492 2.507947 9.138753
-1.861337 -14.815599 15.285315 2.528925 2.474073 9.125647
-1.863943 -14.799380 15.301138 2.455947 2.523801 9.154355
-1.876019 -14.797700 15.345984 2.532768 2.543737 9.126604
-1.868829 -14.771244 15.318377 2.517318 2.527238 9.125636
-1.861388 -14.809367 15.290562 2.519196 2.475521 9.157432
-1.853560 -14.764587 15.261906 2.465915 2.539715 9.111173
-1.867337 -14.776478 15.317327 2.461008 2.471227 9.127132
-1.850532 -14.698841 15.249630 2.491103 2.534742 9.169310
-1.851937 -14.753016 15.263715 2.543085 2.457112 9.113945
-1.849275 -14.785871 15.247580 2.464444 2.522102 9.192163
-1.867175 -14.798738 15.321672 2.458030 2.493264 9.176648
-1.872242 -14.742661 15.343506 2.461087 2.526146 9.157206
-1.864557 -14.713766 15.314798 2.489754 2.521053 9.165329
-1.863201 -14.664230 15.309555 2.499468 2.527974 9.177932
-1.864206 -14.785501 15.313331 2.519018 2.547656 9.165384
-1.843195 -14.749650 15.229915 2.528234 2.509600 9.172779
-1.855232 -14.765177 15.280057 2.483557 2.539740 9.189663
-1.872343 -14.719016 15.352585 2.458497 2.491526 9.114597
-1.843902 -14.708579 15.248052 2.451802 2.521238 9.117925
-1.854714 -14.734538 15.298476 2.486315 2.480066 9.110919
-1.856080 -14.813063 15.313180 2.549893 2.459190 9.174446
-1.810024 -14.704049 15.140231 2.484316 2.481098 9.173079
-1.864644 -14.752746 15.362904 2.522614 2.527828 9.115990
-1.834285 -14.821326 15.242570 2.531595 2.478103 9.146976
-1.855262 -14.744184 15.325952 2.501512 2.526051 9.192573
-1.854178 -14.813865 15.321114 2.509296 2.544700 9.181143
-1.848185 -14.818504 15.299829 2.548596 2.453098 9.112716
-1.844283 -14.814902 15.289868 2.473215 2.505978 9.120317
-1.860568 -14.751976 15.352706 2.498599 2.506933 9.127427
-1.830495 -14.793526 15.235044 2.537229 2.493030 9.174254
-1.855042 -14.710807 15.332273 2.480425 2.537686 9.116353
-1.824577 -14.725539 15.208738 2.541869 2.479544 9.183796
-1.838954 -14.681283 15.269160 2.475828 2.488269 9.153014
-1.824714 -14.811723 15.219713 2.473337 2.454411 9.130225
-1.831650 -14.731958 15.248845 2.451412 2.530382 9.120955
-1.848753 -14.768360 15.310064 2.463435 2.546627 9.147490
-1.848021 -14.706862 15.308585 2.459183 2.475745 9.197494
-1.838972 -14.818340 15.270765 2.539548 2.465129 9.169168
-1.846271 -14.777589 15.307296 2.494918 2.501672 9.107479
-1.827632 -14.785746 15.235381 2.542687 2.528634 9.149282
-1.820323 -14.813664 15.219226 2.517331 2.516267 9.178498
-1.830479 -14.807027 15.261206 2.465935 2.493024 9.108554
-1.823127 -14.770039 15.242401 2.450631 2.534247 9.173450
-1.835137 -14.759321 15.292453 2.538895 2.532581 9.155090
-1.809811 -14.774199 15.200184 2.509785 2.462126 9.193081
-1.829145 -14.641778 15.285972 2.500754 2.543206 9.158709
-1.822199 -14.755051 15.257300 2.496757 2.453216 9.160451
-1.830376 -14.762370 15.289989 2.476053 2.516299 9.153056
-1.836112 -14.678107 15.307681 2.472989 2.523620 9.152431
-1.833387 -14.691534 15.291192 2.539779 2.537205 9.145697
-1.822560 -14.799356 15.257485 2.525991 2.487728 9.131345
-1.832830 -14.772234 15.290782 2.473895 2.548280 9.172526
-1.858509 -14.762098 15.391468 2.507365 2.533675 9.100154
-1.814420 -14.776996 15.222667 2.530354 2.450383 9.139856
-1.833897 -14.725156 15.297086 2.464376 2.517283 9.175132
-1.816346 -14.732168 15.231012 2.458892 2.523358 9.157656
-1.824075 -14.692800 15.260901 2.518277 2.494312 9.116660
-1.824163 -14.772035 15.266031 2.495448 2.537140 9.186861
-1.818988 -14.730655 15.247642 2.458543 2.465744 9.165269
-1.806933 -14.816731 15.199288 2.495881 2.455531 9.109496
-1.826040 -14.761602 15.281428 2.519752 2.520635 9.133828
-1.814299 -14.741479 15.235729 2.497420 2.475853 9.150875
-1.823708 -14.756899 15.259631 2.502313 2.499630 9.126369
-1.832594 -14.674930 15.290689 2.466814 2.509544 9.190649
-1.815629 -14.784451 15.222432 2.517419 2.506077 9.107697
-1.826045 -14.749109 15.262324 2.495878 2.472772 9.107670
-1.829919 -14.783413 15.274371 2.453840 2.546070 9.125628
-1.820342 -14.678095 15.234284 2.471914 2.481554 9.107350
-1.850369 -14.700850 15.357868 2.514107 2.529283 9.100547
-1.842983 -14.768033 15.328627 2.480696 2.499076 9.172557
-1.837355 -14.741456 15.314226 2.532532 2.540609 9.168784
-1.842559 -14.820364 15.343382 2.522063 2.523705 9.101488
-1.818300 -14.811955 15.255184 2.495930 2.480869 9.101114
-1.829203 -14.759885 15.305887 2.507690 2.459912 9.118618
-1.809829 -14.810167 15.227135 2.542542 2.499311 9.124124
-1.835448 -14.820771 15.329655 2.525338 2.485969 9.163233
-1.808366 -14.711580 15.223778 2.459953 2.459427 9.115163
-1.842541 -14.742808 15.365484 2.460096 2.456750 9.165456
-1.822631 -14.735959 15.283362 2.489866 2.549436 9.107516
-1.828432 -14.744756 15.306058 2.509485 2.532832 9.149931
-1.828785 -14.715885 15.307050 2.479177 2.509660 9.102109
-1.829615 -14.821035 15.308589 2.540658 2.518820 9.106297
-1.821770 -14.729953 15.284190 2.492245 2.489220 9.156373
-1.795133 -14.844215 15.185151 2.504802 2.468549 9.144646
-1.811414 -14.797174 15.249657 2.533321 2.480438 9.185076
-1.820185 -14.760849 15.281714 2.494938 2.502797 9.114625
-1.847238 -14.760534 15.396401 2.501140 2.529723 9.102359
-1.812706 -14.720353 15.263965 2.482998 2.544576 9.122989
-1.816055 -14.777596 15.273866 2.496595 2.530166 9.121785
-1.828858 -14.750750 15.325781 2.469263 2.505978 9.150607
-1.815846 -14.759862 15.274611 2.461383 2.466027 9.188010
-1.820512 -14.740022 15.304448 2.506135 2.488456 9.105795
-1.799504 -14.811150 15.223933 2.506476 2.497006 9.159777
-1.813574 -14.796776 15.276291 2.452199 2.479676 9.153752
-1.818964 -14.754717 15.302781 2.542109 2.535952 9.132580
-1.814228 -14.716959 15.280899 2.455553 2.472417 9.138095
-1.831226 -14.767774 15.351315 2.479244 2.542784 9.163514
-1.801365 -14.772441 15.235602 2.497032 2.547097 9.149733
-1.822549 -14.792096 15.320458 2.549564 2.516295 9.118907
-1.826729 -14.766814 15.337101 2.484467 2.450195 9.135191
-1.831406 -14.731782 15.353441 2.509851 2.501795 9.197767
-1.811297 -14.743163 15.263658 2.487315 2.519377 9.182136
-1.808863 -14.751120 15.254053 2.533134 2.474344 9.140223
-1.809524 -14.740213 15.256103 2.534218 2.541585 9.196558
-1.815128 -14.751924 15.280869 2.480356 2.535187 9.135237
-1.828092 -14.775898 15.333984 2.528864 2.495178 9.117764
-1.815269 -14.796006 15.286963 2.502999 2.547571 9.127472
-1.802463 -14.800402 15.237049 2.485076 2.525388 9.171476
-1.824906 -14.791698 15.324490 2.526622 2.516127 9.187003
-1.803959 -14.749737 15.244230 2.467210 2.518044 9.118807
-1.792450 -14.860860 15.198719 2.547941 2.498691 9.155231
-1.830195 -14.781568 15.352625 2.547220 2.539356 9.148185
-1.814498 -14.753397 15.290748 2.470671 2.535660 9.189914
-1.797113 -14.763058 15.225694 2.498666 2.457138 9.155825
-1.818195 -14.718717 15.303332 2.492130 2.458540 9.195211
-1.802602 -14.713181 15.242985 2.480985 2.456999 9.166673
-1.813161 -14.769071 15.290336 2.547818 2.463037 9.152747
-1.807447 -14.767923 15.276254 2.497095 2.545708 9.125692
-1.820399 -14.743289 15.334393 2.500843 2.484044 9.189369
-1.805517 -14.746656 15.273702 2.501076 2.466382 9.198286
-1.802193 -14.764294 15.260737 2.492491 2.545918 9.112658
-1.808848 -14.756198 15.292102 2.473920 2.548188 9.180886
-1.817151 -14.726879 15.319470 2.537587 2.476570 9.118505
-1.802698 -14.771878 15.260546 2.511035 2.468917 9.163637
-1.799532 -14.731864 15.254230 2.467815 2.523773 9.106696
-1.813480 -14.807966 15.308341 2.533753 2.525702 9.194288
-1.817420 -14.759358 15.324158 2.511698 2.462584 9.198228
-1.805725 -14.782635 15.275638 2.524594 2.467310 9.123726
-1.812811 -14.797820 15.301800 2.510960 2.507957 9.165306
-1.791115 -14.737439 15.217737 2.514959 2.480709 9.139511
-1.808433 -14.745021 15.285424 2.468026 2.517167 9.118952
-1.821719 -14.818656 15.336493 2.519293 2.545063 9.103277
-1.800158 -14.767920 15.251584 2.450277 2.479654 9.130452
-1.828566 -14.770192 15.367557 2.492206 2.549448 9.168386
-1.807039 -14.742667 15.279595 2.475608 2.517059 9.182285
-1.812162 -14.723774 15.292638 2.547272 2.509871 9.138290
-1.816606 -14.766787 15.315837 2.488703 2.541691 9.168629
-1.817661 -14.780866 15.322561 2.454848 2.542399 9.156527
-1.827784 -14.753254 15.365921 2.498991 2.507483 9.106918
-1.784765 -14.773880 15.202349 2.528079 2.505717 9.163108
-1.799592 -14.741878 15.267344 2.519428 2.534658 9.128114
-1.803322 -14.726568 15.284909 2.505397 2.509974 9.146754
-1.782613 -14.707310 15.204468 2.491940 2.474272 9.196549
-1.803460 -14.734959 15.287766 2.480129 2.507532 9.138865
-1.807308 -14.777643 15.298575 2.460464 2.501571 9.142238
-1.809407 -14.758298 15.310896 2.538815 2.527694 9.148502
-1.822486 -14.829122 15.365295 2.453859 2.528646 9.151002
-1.805360 -14.828799 15.300295 2.541400 2.502913 9.161487
-1.778458 -14.751166 15.194688 2.506569 2.453759 9.168090
-1.795668 -14.731315 15.263876 2.482692 2.484530 9.136407
-1.800547 -14.803285 15.286640 2.536616 2.499173 9.103648
-1.794880 -14.782186 15.268630 2.501507 2.533288 9.160233
-1.771678 -14.764254 15.186057 2.491051 2.458288 9.107739
-1.783751 -14.830816 15.238821 2.503384 2.465698 9.196521
-1.791884 -14.831330 15.275506 2.501222 2.540690 9.131916
-1.813556 -14.784044 15.360695 2.454735 2.489085 9.157554
-1.777060 -14.781520 15.216933 2.500688 2.455288 9.146297
-1.777351 -14.739203 15.215231 2.525632 2.456051 9.198070
-1.792827 -14.824861 15.266124 2.515692 2.532973 9.128629
-1.791261 -14.754519 15.253022 2.513874 2.491089 9.132843
-1.791508 -14.770376 15.252364 2.483423 2.494854 9.196245
-1.812144 -14.768044 15.335040 2.520399 2.549538 9.135727
-1.776998 -14.835566 15.201731 2.537193 2.469681 9.156473
-1.797873 -14.888556 15.278670 2.467638 2.532671 9.183756
-1.801997 -14.775716 15.297871 2.469484 2.452101 9.125383
-1.804106 -14.737965 15.308450 2.499496 2.548895 9.108070
-1.800019 -14.690737 15.295815 2.514698 2.542787 9.184383
-1.802069 -14.752687 15.306769 2.455579 2.546160 9.141819
-1.804436 -14.755011 15.323780 2.496591 2.505579 9.141445
-1.794415 -14.819337 15.281042 2.468265 2.503302 9.102579
-1.786327 -14.682233 15.249798 2.472782 2.480775 9.174183
-1.793059 -14.711598 15.283375 2.547248 2.491967 9.107327
-1.783638 -14.784968 15.250454 2.533846 2.451631 9.146613
-1.798329 -14.864269 15.313768 2.528605 2.545035 9.192549
-1.805279 -14.716005 15.336946 2.462099 2.531510 9.168617
-1.795875 -14.775147 15.300654 2.452412 2.502268 9.199639
-1.792351 -14.658645 15.288562 2.497181 2.520746 9.102322
-1.769666 -14.721789 15.198023 2.477798 2.458478 9.170907
-1.795862 -14.742154 15.304748 2.507751 2.536221 9.126364
-1.785087 -14.706347 15.258436 2.513436 2.523684 9.148076
-1.780776 -14.785942 15.230543 2.495147 2.478119 9.193604
-1.786792 -14.690501 15.261934 2.481154 2.466094 9.177594
-1.777283 -14.695495 15.221739 2.488864 2.490695 9.148861
-1.791702 -14.779701 15.285425 2.452702 2.519523 9.155433
-1.793295 -14.779428 15.290876 2.472531 2.503921 9.143571
-1.784661 -14.723126 15.258029 2.453078 2.487814 9.117188
-1.778094 -14.745905 15.233684 2.512069 2.464385 9.122030
-1.761248 -14.736041 15.171736 2.481138 2.463416 9.121636
-1.785025 -14.783358 15.270302 2.530687 2.520516 9.133632
-1.796334 -14.773270 15.311692 2.476338 2.512784 9.121409
-1.782156 -14.729452 15.252600 2.532956 2.466985 9.102651
-1.811104 -14.745252 15.365076 2.469728 2.531314 9.100354
-1.788368 -14.795498 15.276520 2.511160 2.516353 9.118507
-1.800499 -14.764584 15.322572 2.498490 2.515314 9.149411
-1.783611 -14.703368 15.249333 2.467929 2.485134 9.199612
-1.805343 -14.802326 15.336561 2.530767 2.545883 9.130377
-1.818074 -14.770060 15.390761 2.481124 2.543920 9.113068
-1.791904 -14.824243 15.291431 2.537789 2.525420 9.145887
-1.795691 -14.748594 15.308105 2.501520 2.517886 9.126962
-1.785996 -14.796647 15.272704 2.544407 2.507748 9.145058
-1.797624 -14.717802 15.321095 2.546659 2.488660 9.191610
-1.783116 -14.766054 15.260870 2.465125 2.539191 9.100608
-1.787997 -14.754251 15.275631 2.531222 2.509315 9.114011
-1.785881 -14.764084 15.263825 2.524578 2.490790 9.155450
-1.797555 -14.788036 15.304287 2.521763 2.528177 9.129650
-1.778848 -14.798628 15.230356 2.540280 2.471300 9.169472
-1.802806 -14.835247 15.336428 2.522470 2.535697 9.118097
-1.796178 -14.733752 15.311312 2.519467 2.511304 9.139723
-1.804470 -14.684685 15.345036 2.493819 2.546524 9.177196
-1.798883 -14.638914 15.325979 2.480929 2.536255 9.117376
-1.774520 -14.777861 15.235047 2.540002 2.459247 9.171105
-1.770351 -14.724394 15.216139 2.492505 2.498168 9.144255
-1.782612 -14.720172 15.263804 2.471178 2.533787 9.185799
-1.791804 -14.765010 15.296900 2.467904 2.467635 9.105062
-1.789273 -14.831532 15.297233 2.519528 2.505703 9.171670
-1.788672 -14.797953 15.293858 2.452208 2.523802 9.151423
-1.795694 -14.748077 15.321376 2.522545 2.516778 9.123755
-1.796574 -14.771170 15.325046 2.499415 2.465842 9.114352
-1.777681 -14.688014 15.253384 2.468084 2.475660 9.110046
-1.790749 -14.815786 15.309910 2.484332 2.546597 9.161071
-1.783136 -14.711824 15.272439 2.479322 2.545376 9.185624
-1.792684 -14.715623 15.313643 2.522334 2.464468 9.153010
-1.780520 -14.758261 15.263039 2.489188 2.506787 9.157496
-1.777678 -14.760779 15.254292 2.479219 2.488204 9.126290
-1.798328 -14.741647 15.340915 2.481081 2.541995 9.118728
-1.777751 -14.783593 15.253784 2.486501 2.506965 9.197412
-1.765253 -14.718831 15.207057 2.485291 2.481582 9.131916
-1.778648 -14.712568 15.257755 2.472145 2.537984 9.165529
-1.778271 -14.767547 15.260134 2.493683 2.515724 9.180099
-1.785354 -14.773050 15.289476 2.549054 2.513314 9.114084
-1.771101 -14.769101 15.235165 2.540012 2.521506 9.175426
-1.770437 -14.760767 15.231700 2.487741 2.481224 9.110142
-1.775650 -14.690904 15.260546 2.481104 2.466747 9.141176
-1.782808 -14.760437 15.288331 2.491441 2.482020 9.101027
-1.789189 -14.803698 15.316444 2.461021 2.500953 9.148610
-1.769290 -14.736816 15.244424 2.469001 2.475082 9.140293
-1.750513 -14.740684 15.180374 2.464930 2.517143 9.169699
-1.778407 -14.804524 15.287992 2.544976 2.523266 9.106997
-1.788841 -14.747934 15.328715 2.507716 2.532464 9.195329
-1.797786 -14.802276 15.364988 2.528935 2.462545 9.124736
-1.769702 -14.733677 15.253880 2.480096 2.493979 9.190111
-1.772082 -14.752678 15.265145 2.498129 2.480213 9.142114
-1.777465 -14.842664 15.283495 2.514864 2.484830 9.116659
-1.770500 -14.731112 15.257154 2.479305 2.482074 9.163093
-1.749785 -14.754390 15.183691 2.496832 2.474331 9.132442
-1.773066 -14.778475 15.272741 2.522429 2.507931 9.138996
-1.771410 -14.787157 15.276396 2.478475 2.452662 9.194983
-1.772825 -14.802575 15.289082 2.538248 2.542556 9.122076
-1.764721 -14.726897 15.258457 2.499178 2.524392 9.114946
-1.753380 -14.805728 15.212160 2.534486 2.477780 9.121599
-1.767354 -14.839315 15.263103 2.480772 2.538683 9.194363
-1.758508 -14.813373 15.233255 2.457519 2.535188 9.189832
-1.763668 -14.763729 15.260504 2.468665 2.528246 9.186049
-1.767718 -14.777158 15.278750 2.478010 2.516050 9.105817
-1.775514 -14.731121 15.318465 2.502333 2.533216 9.128907
-1.756556 -14.801032 15.242523 2.519048 2.471428 9.126229
-1.773401 -14.685575 15.306529 2.459570 2.508855 9.155697
-1.772090 -14.743289 15.303122 2.547444 2.475508 9.177266
-1.779588 -14.805258 15.338033 2.450175 2.516040 9.168103
-1.780942 -14.787257 15.349582 2.470808 2.506786 9.100698
-1.758699 -14.731670 15.263590 2.485022 2.516829 9.186717
-1.766032 -14.753718 15.292748 2.486469 2.479316 9.171507
-1.779539 -14.708226 15.341035 2.522329 2.535961 9.185939
-1.764893 -14.796041 15.285974 2.503258 2.539466 9.131855
-1.739766 -14.755283 15.192199 2.472224 2.462945 9.157256
-1.772982 -14.793592 15.318946 2.529264 2.478732 9.110758
-1.766317 -14.750460 15.286347 2.477582 2.463748 9.191579
-1.768872 -14.729134 15.294476 2.469398 2.467770 9.162303
-1.766888 -14.777080 15.288445 2.493613 2.456691 9.149780
-1.758546 -14.727385 15.255846 2.517247 2.532815 9.145852
-1.748358 -14.777160 15.220061 2.500260 2.482593 9.172371
-1.758330 -14.699862 15.260571 2.458225 2.521159 9.177053
-1.772640 -14.726673 15.320483 2.542393 2.470171 9.189813
-1.767577 -14.811830 15.303247 2.497301 2.548700 9.111578
-1.755990 -14.766538 15.262459 2.454171 2.478606 9.101141
-1.762324 -14.701186 15.291550 2.517545 2.526893 9.145859
-1.759394 -14.721727 15.278517 2.484205 2.510630 9.151932
-1.759270 -14.657094 15.279534 2.466701 2.497091 9.187589
-1.769650 -14.801402 15.309789 2.513779 2.543835 9.191704
-1.768062 -14.769447 15.296775 2.527940 2.479911 9.137852
-1.760551 -14.714539 15.274080 2.467436 2.516334 9.194184
-1.778582 -14.796708 15.344445 2.527303 2.501884 9.101221
-1.757012 -14.702694 15.258781 2.547713 2.478094 9.190388
-1.772536 -14.750043 15.318985 2.521172 2.525114 9.120022
-1.775408 -14.715423 15.334477 2.481273 2.523814 9.186761
-1.783439 -14.785101 15.366083 2.474533 2.545129 9.145082
-1.763901 -14.735159 15.284274 2.484564 2.502036 9.163090
-1.771633 -14.753452 15.312846 2.488340 2.497537 9.127634
-1.770012 -14.739712 15.307992 2.456034 2.503582 9.136683
-1.764884 -14.744349 15.286820 2.465333 2.485647 9.163603
-1.776105 -14.755280 15.328139 2.527822 2.455399 9.179247
-1.757161 -14.782455 15.253887 2.470557 2.501832 9.122030
-1.773305 -14.815898 15.311946 2.521348 2.477798 9.145871
-1.766155 -14.763053 15.285917 2.545286 2.541883 9.144628
-1.754650 -14.766660 15.233893 2.509388 2.524207 9.172413
-1.778988 -14.748126 15.327748 2.541012 2.459994 9.148917
-1.762821 -14.704271 15.266657 2.493192 2.482822 9.144757
-1.771604 -14.744509 15.301476 2.500404 2.527292 9.118781
-1.769063 -14.798918 15.291216 2.486660 2.456518 9.180189
-1.759436 -14.819909 15.254578 2.504750 2.490282 9.102906
-1.776290 -14.818691 15.322989 2.513990 2.549197 9.129537
-1.772503 -14.766932 15.303231 2.490429 2.502145 9.104024
-1.755937 -14.830779 15.240825 2.533575 2.538584 9.107080
-1.767675 -14.743546 15.289496 2.502786 2.503735 9.107395
-1.775957 -14.734676 15.323859 2.469385 2.540511 9.187911
-1.750266 -14.784068 15.228919 2.487124 2.518744 9.132797
-1.750152 -14.760671 15.232923 2.494837 2.464865 9.135598
-1.734158 -14.780951 15.179313 2.495228 2.500428 9.191024
-1.752620 -14.771512 15.250825 2.515301 2.450656 9.180506
-1.753637 -14.810342 15.254791 2.521679 2.532665 9.172801
-1.759648 -14.732711 15.281785 2.532072 2.494481 9.170568
-1.763675 -14.776085 15.297531 2.458719 2.480691 9.155070
-1.756175 -14.749639 15.278016 2.483175 2.500080 9.114819
-1.758237 -14.721680 15.284367 2.498282 2.538479 9.178014
-1.782638 -14.838686 15.383738 2.541367 2.530599 9.129116
-1.768125 -14.731357 15.322563 2.496560 2.530352 9.169033
-1.759784 -14.830989 15.293094 2.519247 2.454494 9.131273
-1.745911 -14.738257 15.235554 2.491694 2.460311 9.139013
-1.760218 -14.767504 15.289549 2.529083 2.543068 9.106187
-1.759189 -14.705197 15.289792 2.490250 2.516990 9.189664
-1.758151 -14.746874 15.292227 2.484386 2.462345 9.178694
-1.749678 -14.736345 15.258344 2.503861 2.503354 9.180091
-1.742344 -14.734834 15.231616 2.471726 2.492690 9.123168
-1.753185 -14.749423 15.274859 2.504935 2.495234 9.100842
-1.753768 -14.766521 15.273177 2.479109 2.487243 9.153769
-1.761509 -14.752020 15.299125 2.515089 2.519878 9.190044
-1.746465 -14.815572 15.239393 2.547737 2.520726 9.111997
-1.760849 -14.811792 15.296295 2.537542 2.495883 9.193708
-1.748449 -14.694907 15.240448 2.478332 2.472899 9.136074
-1.763597 -14.819656 15.297261 2.541969 2.497299 9.127209
-1.766386 -14.742118 15.313337 2.459969 2.515889 9.130912
-1.761501 -14.697105 15.294093 2.483955 2.462951 9.187425
-1.746403 -14.806363 15.244477 2.479678 2.485543 9.152671
-1.752352 -14.801641 15.270886 2.539223 2.548484 9.118432
-1.748725 -14.758983 15.260299 2.475854 2.523716 9.179377
-1.752568 -14.808578 15.284176 2.463867 2.531673 9.135844
-1.731189 -14.805827 15.201644 2.523314 2.460971 9.105372
-1.767661 -14.704391 15.347536 2.511357 2.537566 9.193617
-1.722519 -14.716100 15.175633 2.525332 2.455002 9.128107
-1.755023 -14.687019 15.301127 2.474226 2.491880 9.105648
-1.741877 -14.721776 15.247877 2.477396 2.473296 9.120433
-1.766434 -14.754802 15.341588 2.534867 2.525765 9.190467
-1.764669 -14.797660 15.344038 2.546738 2.547652 9.193754
-1.749662 -14.671740 15.287708 2.457395 2.461617 9.197183
-1.744097 -14.708332 15.270129 2.518715 2.544011 9.151310
-1.750330 -14.786858 15.294257 2.511385 2.472977 9.196554
-1.764094 -14.702301 15.351538 2.511563 2.549499 9.170824
-1.758561 -14.743351 15.335045 2.476157 2.548327 9.117540
-1.762661 -14.751002 15.351909 2.489740 2.541095 9.126158
-1.760629 -14.741710 15.351747 2.458398 2.518525 9.193657
-1.754228 -14.793935 15.324734 2.521731 2.487490 9.170472
-1.736884 -14.806857 15.258471 2.519054 2.548568 9.196961
-1.729535 -14.785797 15.233097 2.547266 2.459175 9.162205
-1.735382 -14.791774 15.264624 2.476159 2.543049 9.161519
-1.746104 -14.747329 15.310329 2.457514 2.453256 9.188586
-1.739724 -14.810127 15.290298 2.490884 2.541142 9.136348
-1.735048 -14.756839 15.270196 2.525634 2.527721 9.121727
-1.725038 -14.708394 15.230518 2.538368 2.495042 9.177786
-1.746752 -14.796594 15.318686 2.478620 2.491286 9.164423
-1.720004 -14.778291 15.223409 2.548515 2.459433 9.181764
-1.734024 -14.786962 15.274485 2.539620 2.525077 9.139553
-1.727664 -14.765942 15.244759 2.542592 2.465165 9.171072
-1.737844 -14.785495 15.288233 2.520202 2.500141 9.152963
-1.724366 -14.828286 15.233161 2.517157 2.493559 9.156235
-1.730850 -14.790154 15.269865 2.465636 2.512572 9.191204
-1.731364 -14.797153 15.277074 2.531979 2.541755 9.191758
-1.753193 -14.802824 15.364508 2.505251 2.513326 9.139474
-1.724016 -14.774556 15.250165 2.486000 2.541448 9.123586
-1.715084 -14.806539 15.218010 2.497330 2.500941 9.119761
-1.720680 -14.723356 15.238157 2.468089 2.518074 9.107358
-1.744732 -14.810892 15.331542 2.512108 2.525456 9.164545
-1.742776 -14.802739 15.323801 2.540365 2.525539 9.138819
-1.708922 -14.833174 15.186288 2.524423 2.463932 9.174600
-1.748100 -14.811999 15.343341 2.506682 2.545623 9.122226
-1.725772 -14.826033 15.258832 2.542596 2.467324 9.139909
-1.723348 -14.762742 15.247530 2.455525 2.453043 9.160750
-1.727159 -14.785632 15.264305 2.514907 2.535935 9.162460
-1.718783 -14.742044 15.232542 2.466695 2.521929 9.121920
-1.738184 -14.750164 15.311309 2.462564 2.498507 9.195230
-1.729550 -14.720726 15.276802 2.511225 2.527208 9.156388
-1.729605 -14.717246 15.279348 2.501065 2.463270 9.119351
-1.728266 -14.712905 15.269094 2.480422 2.504347 9.189503
-1.747279 -14.747345 15.347733 2.516340 2.530006 9.138959
-1.704682 -14.858422 15.181522 2.544546 2.473132 9.199976
-1.736692 -14.717569 15.306227 2.530360 2.537401 9.143147
-1.725420 -14.873583 15.266007 2.543990 2.464883 9.164725
-1.714248 -14.777635 15.230407 2.509105 2.478662 9.153930
-1.730035 -14.743855 15.295942 2.508458 2.464951 9.156075
-1.719342 -14.756428 15.254207 2.515030 2.451514 9.103567
-1.703803 -14.757887 15.191579 2.494184 2.462804 9.180271
-1.746736 -14.816972 15.364854 2.542571 2.512217 9.103162
-1.725054 -14.800974 15.277084 2.538823 2.483537 9.108098
-1.739252 -14.706246 15.330614 2.495234 2.528731 9.167999
-1.724316 -14.783092 15.271462 2.516541 2.490344 9.116963
-1.738409 -14.805844 15.317740 2.488659 2.529378 9.164416
-1.737603 -14.753888 15.316819 2.469152 2.539547 9.192916
-1.707344 -14.742629 15.198265 2.501765 2.492930 9.180240
-1.727524 -14.709122 15.280301 2.450276 2.524525 9.144826
-1.704205 -14.744280 15.189832 2.458970 2.472770 9.181962
-1.724264 -14.722844 15.272383 2.481291 2.487036 9.188025
-1.721443 -14.773990 15.264316 2.532584 2.450392 9.197123
-1.724336 -14.716615 15.279793 2.450634 2.511078 9.183043
-1.737291 -14.797228 15.337395 2.458308 2.529204 9.119861
-1.718268 -14.771993 15.259435 2.524954 2.518471 9.196105
-1.729807 -14.768483 15.304581 2.515538 2.479722 9.116817
-1.722490 -14.701009 15.273449 2.469247 2.465214 9.147094
-1.710195 -14.851395 15.228298 2.528739 2.458599 9.157671
-1.712863 -14.749957 15.243592 2.477226 2.468867 9.177954
-1.716215 -14.850609 15.265232 2.502532 2.473037 9.132042
-1.723374 -14.789776 15.295324 2.509514 2.505275 9.163319
-1.720257 -14.764229 15.275884 2.513658 2.545838 9.115019
-1.693231 -14.792508 15.171754 2.487995 2.460004 9.123797
-1.716100 -14.727653 15.262903 2.498979 2.542574 9.128222
-1.709957 -14.770035 15.235437 2.515392 2.477988 9.103168
-1.733765 -14.744120 15.327646 2.538269 2.468140 9.177484
-1.737063 -14.791997 15.342765 2.499682 2.526398 9.125355
-1.720665 -14.787519 15.270179 2.484252 2.469531 9.195507
-1.708532 -14.805525 15.230939 2.535454 2.462432 9.143864
-1.728687 -14.729402 15.313329 2.482388 2.496632 9.112017
-1.729928 -14.778808 15.327147 2.549711 2.510213 9.165478
-1.722527 -14.741401 15.297488 2.455118 2.518429 9.114096
-1.724139 -14.809621 15.308330 2.518384 2.493860 9.141609
-1.734390 -14.710380 15.351508 2.532865 2.502007 9.194631
-1.710680 -14.746552 15.267996 2.523133 2.472207 9.128847
-1.718871 -14.777864 15.300146 2.540620 2.469835 9.122599
-1.708251 -14.682878 15.269788 2.452067 2.524166 9.165288
-1.706871 -14.780256 15.270093 2.495069 2.453391 9.138091
-1.723017 -14.720055 15.321527 2.500955 2.475357 9.158334
-1.710637 -14.781117 15.277203 2.487721 2.481946 9.106654
-1.719794 -14.766352 15.318673 2.503344 2.466754 9.171284
-1.686416 -14.805445 15.193888 2.496118 2.458983 9.107009
-1.696795 -14.804426 15.240780 2.516566 2.463702 9.159867
-1.696690 -14.812485 15.232760 2.522460 2.456669 9.108256
-1.706512 -14.802162 15.281015 2.535850 2.466162 9.168793
-1.702408 -14.760336 15.263384 2.526353 2.472391 9.169629
-1.700168 -14.746030 15.262115 2.542317 2.467667 9.109448
-1.683412 -14.772130 15.196167 2.450155 2.479502 9.146568
-1.709900 -14.688959 15.303012 2.461624 2.514302 9.142738
-1.713970 -14.722668 15.314651 2.465297 2.500321 9.108911
-1.723757 -14.746567 15.344469 2.533189 2.508394 9.138746
-1.693768 -14.781631 15.225311 2.454623 2.477937 9.137414
-1.706682 -14.712833 15.278124 2.477061 2.480754 9.141711
-1.683278 -14.753996 15.187979 2.513364 2.467673 9.156401
-1.719303 -14.788790 15.336428 2.518216 2.542155 9.138325
-1.696329 -14.769972 15.246608 2.450968 2.526452 9.161628
-1.718753 -14.705005 15.336742 2.490284 2.454053 9.114253
-1.710830 -14.723009 15.308674 2.464638 2.533471 9.156347
-1.703226 -14.725406 15.282168 2.459419 2.530022 9.159660
-1.700375 -14.815838 15.275981 2.475066 2.524478 9.191857
-1.707887 -14.781554 15.308458 2.521489 2.536743 9.139204
-1.705152 -14.693868 15.295020 2.461441 2.463182 9.102677
-1.697040 -14.848866 15.264035 2.536704 2.529722 9.178215
-1.697405 -14.725237 15.264985 2.484960 2.475460 9.104702
-1.722902 -14.758325 15.366771 2.489058 2.545276 9.150622
-1.688542 -14.769243 15.229057 2.531093 2.463408 9.139827
-1.694526 -14.710850 15.250876 2.545212 2.543078 9.121387
-1.689501 -14.743812 15.227413 2.452105 2.491135 9.126993
-1.687391 -14.682676 15.216875 2.464834 2.495725 9.128197
-1.691321 -14.756456 15.228594 2.468939 2.459345 9.113310
-1.698614 -14.701791 15.261994 2.460489 2.493778 9.132313
-1.701278 -14.731873 15.276371 2.490165 2.515910 9.136837
-1.686162 -14.801130 15.223886 2.501788 2.464765 9.143129
-1.718047 -14.800969 15.344324 2.534176 2.503289 9.169946
-1.700719 -14.744256 15.273740 2.456399 2.544322 9.103687
-1.697655 -14.767912 15.267902 2.459297 2.535789 9.188966
-1.717034 -14.766466 15.349015 2.486181 2.538140 9.173769
-1.698010 -14.752830 15.278384 2.474127 2.483370 9.144889
-1.688652 -14.784422 15.243357 2.536650 2.470160 9.198549
-1.714628 -14.718614 15.349027 2.537586 2.546863 9.128510
-1.691288 -14.744976 15.261590 2.487461 2.487063 9.158545
-1.688380 -14.782190 15.251425 2.494292 2.501368 9.100408
-1.700497 -14.750603 15.300254 2.475123 2.473052 9.136239
-1.695978 -14.715343 15.284904 2.508086 2.541333 9.170777
-1.688714 -14.769830 15.257521 2.537988 2.487598 9.120770
-1.693928 -14.791286 15.283017 2.516687 2.501940 9.194439
-1.672282 -14.835041 15.199612 2.508404 2.455141 9.192119
-1.682827 -14.761258 15.240115 2.529324 2.465509 9.199776
-1.695877 -14.778310 15.290280 2.461725 2.505359 9.107124
-1.690051 -14.763945 15.270878 2.506665 2.455055 9.166602
-1.689393 -14.758205 15.270702 2.467885 2.543702 9.108199
-1.693396 -14.761330 15.282525 2.513340 2.470175 9.159984
-1.710791 -14.807899 15.357090 2.542674 2.477764 9.120399
-1.701155 -14.814643 15.317660 2.513469 2.506852 9.100452
-1.691311 -14.772017 15.281648 2.450589 2.483227 9.186440
-1.694272 -14.712887 15.300634 2.450529 2.466027 9.102614
-1.691876 -14.843170 15.301480 2.512613 2.504256 9.183096
-1.679541 -14.746360 15.250816 2.463564 2.465693 9.138416
-1.693351 -14.778440 15.308392 2.506166 2.489977 9.122149
-1.668596 -14.765885 15.205662 2.517816 2.461238 9.174536
-1.675472 -14.798065 15.234546 2.529086 2.457899 9.177798
-1.677513 -14.753670 15.248997 2.534039 2.463129 9.183583
-1.683979 -14.774560 15.284269 2.506692 2.483978 9.141442
-1.662664 -14.766876 15.202361 2.482807 2.515767 9.161198
-1.694217 -14.720179 15.329489 2.459919 2.504146 9.178353
-1.687902 -14.714607 15.307749 2.450905 2.528743 9.117014
-1.665647 -14.773498 15.226184 2.492269 2.469250 9.106244
-1.690145 -14.767470 15.317447 2.453428 2.545307 9.132222
-1.694106 -14.797742 15.331173 2.493260 2.497723 9.160788
-1.679361 -14.713219 15.270018 2.490189 2.512292 9.140679
-1.676197 -14.807350 15.252869 2.515872 2.483025 9.147983
-1.674110 -14.731946 15.249236 2.458880 2.482117 9.140219
-1.682023 -14.825377 15.286517 2.534684 2.483600 9.160779
-1.700930 -14.742336 15.361536 2.481627 2.545790 9.144812
-1.684885 -14.770207 15.294849 2.492520 2.487703 9.165111
-1.690655 -14.831820 15.315620 2.461191 2.502522 9.132610
-1.683411 -14.799255 15.286343 2.504799 2.502959 9.165528
-1.687499 -14.762536 15.310387 2.485122 2.510886 9.164610
-1.688434 -14.796510 15.311362 2.511881 2.501307 9.160496
-1.698129 -14.736090 15.347180 2.505095 2.533230 9.131662
-1.667190 -14.826509 15.230573 2.544811 2.475136 9.164148
-1.683986 -14.816556 15.299590 2.480497 2.508981 9.117741
-1.685331 -14.749685 15.306062 2.523285 2.526508 9.124448
-1.677051 -14.740860 15.273756 2.456234 2.456061 9.156515
-1.698992 -14.769375 15.354056 2.480193 2.510754 9.114106
-1.674335 -14.721071 15.260355 2.488713 2.493970 9.195257
-1.674617 -14.714158 15.256666 2.468057 2.465844 9.107739
-1.692055 -14.774111 15.318353 2.477318 2.518648 9.110305
-1.689221 -14.825423 15.305999 2.487383 2.515740 9.137721
-1.687719 -14.744142 15.307727 2.543252 2.465833 9.126995
-1.662328 -14.779172 15.213943 2.489279 2.482400 9.181118
-1.684170 -14.788355 15.303332 2.515536 2.502922 9.123671
-1.688521 -14.735572 15.319673 2.455434 2.549589 9.148897
-1.686848 -14.729906 15.320140 2.479895 2.500257 9.129425
-1.656438 -14.710290 15.201438 2.541660 2.458385 9.193933
-1.684097 -14.778924 15.308156 2.511336 2.515669 9.181360
-1.697229 -14.752522 15.357517 2.537320 2.492221 9.194754
-1.672305 -14.738888 15.257517 2.495842 2.529100 9.122162
-1.677759 -14.814063 15.282928 2.490530 2.479081 9.126192
-1.667354 -14.735214 15.250830 2.496247 2.498404 9.130645
-1.663776 -14.781538 15.242974 2.511685 2.519144 9.105190
-1.673886 -14.712893 15.286732 2.458983 2.474351 9.199388
-1.682715 -14.821973 15.319615 2.469650 2.549000 9.144865
-1.680765 -14.743226 15.303588 2.511207 2.499979 9.190025
-1.673330 -14.749477 15.277313 2.535623 2.456935 9.107076
-1.676350 -14.785011 15.294100 2.491004 2.516448 9.144601
-1.664822 -14.706123 15.255523 2.466037 2.500458 9.182957
-1.655626 -14.745513 15.218526 2.508311 2.471676 9.189242
-1.646684 -14.814511 15.181715 2.504128 2.479959 9.136863
-1.654664 -14.783710 15.215940 2.530169 2.453954 9.186894
-1.664197 -14.811120 15.264947 2.511669 2.465418 9.102951
-1.681750 -14.824718 15.328686 2.515716 2.532551 9.118032
-1.661548 -14.754910 15.237836 2.467793 2.456407 9.142838
-1.679381 -14.770181 15.308065 2.545571 2.518622 9.172406
-1.676504 -14.821455 15.304021 2.517106 2.490140 9.128540
-1.654155 -14.787767 15.217552 2.469539 2.493124 9.152397
-1.686912 -14.800819 15.355195 2.500159 2.489319 9.111209
-1.675132 -14.742515 15.307837 2.493771 2.450978 9.120016
-1.677852 -14.689164 15.319925 2.452190 2.531275 9.158403
-1.658114 -14.786566 15.248798 2.533419 2.524305 9.179236
-1.659709 -14.703925 15.257881 2.543868 2.480158 9.142448
-1.666997 -14.756716 15.284027 2.458167 2.498570 9.178993
-1.672312 -14.718986 15.303334 2.479498 2.459083 9.171390
-1.674964 -14.683140 15.316984 2.542843 2.542111 9.152280
-1.666024 -14.731021 15.290760 2.494560 2.519424 9.105084
-1.660252 -14.748298 15.266267 2.527556 2.474688 9.142671
-1.655486 -14.815995 15.249605 2.525251 2.477219 9.122003
-1.646204 -14.725915 15.214193 2.519592 2.450974 9.179182
-1.663603 -14.872129 15.281407 2.546208 2.519346 9.152453
-1.657188 -14.769634 15.261245 2.483546 2.517863 9.125586
-1.687206 -14.752272 15.382932 2.539744 2.478851 9.185511
-1.657665 -14.691111 15.270689 2.476454 2.484601 9.180241
-1.656006 -14.817870 15.261631 2.465317 2.504669 9.137590
-1.651033 -14.765801 15.240621 2.495268 2.540010 9.153933
-1.647766 -14.675500 15.231651 2.472246 2.543111 9.162674
-1.676103 -14.765076 15.346818 2.520897 2.498181 9.169488
-1.655516 -14.741304 15.267351 2.521359 2.548108 9.135906
-1.662585 -14.748522 15.297462 2.538204 2.547106 9.134092
-1.666157 -14.737535 15.310603 2.450348 2.546721 9.135325
-1.653337 -14.791588 15.257333 2.502938 2.511896 9.100449
-1.644349 -14.799898 15.219646 2.531945 2.450405 9.176838
-1.655372 -14.705400 15.257983 2.483326 2.496817 9.144260
-1.660945 -14.835469 15.278416 2.463762 2.462785 9.195977
-1.650581 -14.773725 15.234896 2.547712 2.460269 9.103035
-1.641060 -14.750868 15.205553 2.492383 2.529588 9.106053
-1.656075 -14.687657 15.263738 2.490328 2.544566 9.176620
-1.646990 -14.735632 15.236594 2.469401 2.486589 9.185240
-1.662860 -14.759068 15.303617 2.488586 2.545580 9.145458
-1.644121 -14.759996 15.239064 2.461060 2.458992 9.187535
-1.657071 -14.788718 15.289725 2.470507 2.475033 9.138798
-1.646999 -14.797837 15.250481 2.465538 2.514282 9.175959
-1.654134 -14.846893 15.278293 2.538207 2.488430 9.187747
-1.656748 -14.798149 15.293654 2.530075 2.495636 9.140187
-1.656110 -14.729150 15.290868 2.488766 2.548233 9.127384
-1.653443 -14.770077 15.286908 2.511140 2.467285 9.101495
-1.658118 -14.820942 15.302285 2.465530 2.513047 9.110296
-1.658675 -14.796734 15.310288 2.513602 2.547088 9.120846
-1.661730 -14.752788 15.323385 2.465015 2.494767 9.166970
-1.663351 -14.739265 15.329067 2.497512 2.456484 9.108619
-1.648371 -14.749168 15.272278 2.544464 2.508542 9.143166
-1.657637 -14.750767 15.309821 2.469215 2.509826 9.101269
-1.637774 -14.760921 15.231288 2.495252 2.504232 9.123389
-1.661916 -14.736857 15.330722 2.456131 2.504742 9.159519
-1.655662 -14.746682 15.314331 2.526082 2.496442 9.139904
-1.645216 -14.744290 15.277308 2.467964 2.451868 9.112488
-1.637979 -14.692772 15.248824 2.493445 2.532163 9.103110
-1.651947 -14.745934 15.300742 2.489950 2.490334 9.101492
-1.641988 -14.743475 15.264462 2.526012 2.471755 9.150622
-1.630807 -14.743327 15.226756 2.454822 2.495608 9.159482
-1.654306 -14.768084 15.319060 2.538514 2.508096 9.119596
-1.663755 -14.763940 15.351226 2.487978 2.519888 9.162645
-1.627892 -14.788864 15.211316 2.525974 2.483200 9.159735
-1.646316 -14.710158 15.284429 2.513857 2.544900 9.142299
-1.617604 -14.795790 15.181712 2.517068 2.501714 9.182016
-1.646179 -14.791870 15.297431 2.541725 2.540715 9.138824
-1.644339 -14.745204 15.291978 2.494184 2.520935 9.134417
-1.638012 -14.713068 15.272945 2.472613 2.522392 9.183752
-1.623867 -14.794781 15.222458 2.518733 2.487548 9.197844
-1.637082 -14.807723 15.277826 2.528672 2.474688 9.127778
-1.639847 -14.765864 15.291610 2.503089 2.541916 9.183727
-1.614198 -14.716986 15.192161 2.492172 2.466764 9.106685
-1.619572 -14.695770 15.209806 2.456598 2.467348 9.146821
-1.638569 -14.816177 15.279935 2.510909 2.485232 9.103454
-1.636898 -14.755036 15.285699 2.540251 2.540015 9.195201
-1.642465 -14.748706 15.308198 2.540066 2.474354 9.141034
-1.618820 -14.796376 15.222719 2.505013 2.474609 9.177099
-1.643367 -14.779693 15.317710 2.517322 2.525600 9.179279
-1.614444 -14.763165 15.207221 2.508380 2.454014 9.175228
-1.631709 -14.778662 15.281912 2.547927 2.494154 9.187447
-1.622644 -14.762260 15.247420 2.461956 2.456751 9.129400
-1.643426 -14.833325 15.326549 2.514440 2.505169 9.139402
-1.628956 -14.789755 15.275332 2.506075 2.470272 9.134551
-1.625519 -14.681602 15.266644 2.484822 2.498390 9.162069
-1.633675 -14.663058 15.287188 2.477131 2.531012 9.181917
-1.628216 -14.855350 15.266704 2.508929 2.476402 9.119497
-1.621823 -14.802306 15.235580 2.466936 2.549944 9.118339
-1.642547 -14.752762 15.318625 2.460359 2.515613 9.126757
-1.639085 -14.753821 15.315762 2.481766 2.527194 9.146162
-1.638020 -14.738853 15.311322 2.511402 2.461566 9.128733
-1.614506 -14.803213 15.211934 2.510813 2.471746 9.166945
-1.630175 -14.740734 15.273119 2.511486 2.479982 9.194408
-1.651090 -14.807959 15.357678 2.487836 2.548712 9.147700
-1.642248 -14.727405 15.330224 2.544347 2.491906 9.106914
-1.622895 -14.733375 15.256696 2.506627 2.509064 9.154494
-1.629115 -14.801356 15.288956 2.538538 2.474648 9.119423
-1.639673 -14.773832 15.332174 2.489810 2.533514 9.197344
-1.639978 -14.769004 15.325378 2.520653 2.472751 9.114286
-1.620099 -14.812727 15.245078 2.531268 2.457524 9.163567
-1.616956 -14.751024 15.239563 2.488383 2.534839 9.196012
-1.633120 -14.739569 15.300935 2.457457 2.549022 9.177797
-1.623737 -14.793509 15.268974 2.511072 2.492913 9.119792
-1.616965 -14.704464 15.242749 2.461090 2.484610 9.159348
-1.617670 -14.653134 15.251662 2.496227 2.492797 9.132968
-1.646067 -14.831820 15.361835 2.475419 2.511825 9.105741
-1.617821 -14.777351 15.257462 2.486485 2.542901 9.140714
-1.616136 -14.780312 15.258013 2.548714 2.464483 9.173805
-1.644759 -14.736476 15.373221 2.466893 2.471171 9.125992
-1.618454 -14.722596 15.271001 2.513560 2.526142 9.112231
-1.613610 -14.770055 15.249669 2.523540 2.477808 9.147410
-1.618748 -14.778538 15.271572 2.493736 2.454651 9.173338
-1.644342 -14.700875 15.369824 2.460357 2.488671 9.185973
-1.618836 -14.740930 15.263728 2.532025 2.482752 9.193034
-1.605170 -14.801542 15.219162 2.482486 2.457227 9.135524
-1.625570 -14.758223 15.300686 2.487213 2.522748 9.183948
-1.617833 -14.726979 15.277776 2.456244 2.505497 9.125728
-1.618558 -14.819300 15.280877 2.506131 2.469356 9.192973
-1.608242 -14.807999 15.244581 2.537565 2.541638 9.156271
-1.618422 -14.782462 15.287642 2.486226 2.453070 9.121569
-1.594725 -14.719237 15.198889 2.487939 2.483557 9.166139
-1.612182 -14.699765 15.262606 2.545410 2.498198 9.192150
-1.611190 -14.747787 15.260014 2.524861 2.530934 9.181167
-1.607559 -14.720844 15.244563 2.476140 2.466856 9.157761
-1.599429 -14.729657 15.215914 2.493981 2.475586 9.146338
-1.628279 -14.769945 15.329858 2.473456 2.488693 9.144651
-1.608285 -14.724670 15.257063 2.450456 2.473012 9.148178
-1.612718 -14.767851 15.282454 2.470646 2.513770 9.141525
-1.606614 -14.692140 15.262372 2.465429 2.524905 9.103143
-1.601631 -14.791482 15.248701 2.460196 2.502202 9.105441
-1.601761 -14.770668 15.255733 2.454704 2.535578 9.155328
-1.600168 -14.727502 15.249825 2.496297 2.495933 9.135563
-1.606301 -14.818013 15.279385 2.534297 2.457770 9.109022
-1.589188 -14.771742 15.212265 2.460815 2.459546 9.178740
-1.604039 -14.734201 15.269876 2.528267 2.474988 9.109121
-1.601120 -14.775739 15.261502 2.529049 2.537708 9.103285
-1.619246 -14.713212 15.331925 2.491002 2.451559 9.135845
-1.594874 -14.747109 15.226897 2.496787 2.458815 9.191574
-1.637284 -14.763107 15.401327 2.479550 2.462437 9.112092
-1.622370 -14.726788 15.346749 2.507432 2.462628 9.176218
-1.611809 -14.721141 15.308203 2.543989 2.549536 9.110196
-1.591539 -14.800729 15.226115 2.476260 2.513043 9.172023
-1.592408 -14.763813 15.227397 2.466317 2.548481 9.155793
-1.618425 -14.781278 15.328227 2.507499 2.521823 9.133160
-1.607334 -14.777206 15.292693 2.515687 2.485253 9.170577
-1.592448 -14.725878 15.243422 2.453085 2.488305 9.191863
-1.592320 -14.851442 15.243688 2.519855 2.471327 9.151490
-1.591373 -14.698083 15.237353 2.488648 2.465924 9.180717
-1.597254 -14.748317 15.262161 2.453220 2.506974 9.142881
-1.603362 -14.791131 15.296479 2.491745 2.518978 9.149895
-1.603143 -14.760828 15.294680 2.546115 2.486414 9.178288
-1.589292 -14.822776 15.243836 2.532582 2.509903 9.110654
-1.600232 -14.732236 15.287585 2.469767 2.499884 9.126104
