-0.000755 0.338586 -0.361237 2.489689 2.459063 9.115038
-0.102321 3.435175 -3.451358 2.539790 2.484645 9.129539
-0.230214 5.134660 -5.159425 2.511314 2.475320 9.175261
-0.140688 3.985655 -4.034126 2.484256 2.469661 9.163334
-0.409881 6.808250 -6.884161 2.458256 2.536369 9.157018
-0.337849 6.177683 -6.247061 2.472515 2.455272 9.129692
-0.433783 7.034857 -7.081529 2.507544 2.513283 9.147023
-0.071731 2.964819 -2.942865 2.451185 2.526044 9.192873
-0.353353 6.334363 -6.384828 2.485057 2.541349 9.195689
-0.299282 5.880219 -5.886705 2.459549 2.462766 9.188633
-0.070073 2.967945 -2.923638 2.490062 2.460139 9.107083
-0.118065 -3.772504 3.852691 2.483223 2.499764 9.195522
-0.050267 -2.558692 2.613257 2.483392 2.522949 9.141711
-0.175184 -4.582798 4.625068 2.450060 2.508869 9.147856
-0.119957 -3.864304 3.881428 2.545614 2.510037 9.182445
-0.027054 -2.126963 2.105737 2.469738 2.502613 9.127452
-0.056370 -2.836602 2.789716 2.496788 2.474269 9.113383
0.016032 -0.226042 0.095023 2.522342 2.547637 9.191696
0.014622 -0.418204 0.284232 2.519812 2.534524 9.112266
-0.010979 1.738139 -1.917885 2.450384 2.520010 9.125415
-0.085108 3.356489 -3.576928 2.471607 2.509378 9.127044
-0.253251 5.451345 -5.770025 2.543735 2.548861 9.138984
-0.230623 5.192674 -5.526758 2.452680 2.518289 9.145270
-0.745057 9.156877 -9.623583 2.511731 2.521736 9.196821
-0.426575 6.985769 -7.368720 2.511876 2.465003 9.134907
-0.189386 4.702329 -5.041014 2.541458 2.497612 9.169401
-0.487919 7.425780 -7.854918 2.506189 2.546998 9.127453
-0.663539 8.624239 -9.105592 2.491096 2.524942 9.151614
-0.806722 9.475552 -10.010413 2.473924 2.504160 9.104480
-0.741809 9.107692 -9.611760 2.506579 2.480969 9.105737
-0.655116 8.586289 -9.051620 2.512793 2.534063 9.159416
-0.033090 2.177987 -2.455546 2.484563 2.530169 9.100918
0.004841 -0.633069 0.420465 2.458807 2.481940 9.182276
-0.112379 -3.682010 3.492829 2.463350 2.495009 9.133106
-0.017484 -1.672738 1.465998 2.543225 2.457482 9.130507
-0.124940 -3.860782 3.699400 2.467329 2.527545 9.193522
-0.097997 -3.475849 3.287725 2.465295 2.539869 9.149382
-0.145470 -4.109419 3.991782 2.498715 2.525032 9.126038
-0.026813 -1.769425 1.670745 2.499838 2.549869 9.122730
-0.023287 -1.589689 1.536250 2.469492 2.508135 9.164244
-0.000626 0.320934 -0.407630 2.471710 2.506727 9.133785
-0.005932 0.844802 -0.897879 2.457408 2.452493 9.168894
-0.051372 2.419446 -2.479642 2.516961 2.498224 9.174145
-0.000402 0.139215 -0.212556 2.518511 2.513412 9.119402
-0.188311 4.619468 -4.702454 2.478276 2.453649 9.125876
-0.338001 6.190594 -6.283409 2.532574 2.487712 9.192465
-0.285773 5.683121 -5.778903 2.480967 2.484627 9.198224
-0.225449 5.063254 -5.136250 2.474479 2.490364 9.184079
-0.025735 1.774016 -1.790790 2.548218 2.535488 9.122921
-0.062841 2.733799 -2.726441 2.474125 2.531886 9.165706
-0.074976 2.989738 -2.968071 2.546833 2.469737 9.185509
-0.010439 1.204964 -1.213489 2.456049 2.547646 9.149958
-0.019966 1.583921 -1.590201 2.468514 2.523568 9.192254
-0.008579 1.118933 -1.108787 2.543531 2.522256 9.146681
0.000382 -0.515059 0.544918 2.532002 2.462307 9.163806
-0.002212 0.767352 -0.702094 2.520187 2.486583 9.192749
0.002822 0.184842 -0.086851 2.466386 2.485938 9.157267
0.000413 -0.352324 0.453946 2.548811 2.464291 9.148095
0.000452 -0.363828 0.447245 2.525084 2.503193 9.128310
-0.143821 4.078211 -3.956393 2.484684 2.504716 9.174883
-0.150302 4.180083 -4.038425 2.497672 2.543056 9.197506
-0.106681 3.564030 -3.386090 2.518647 2.549310 9.139256
0.003174 -0.230881 0.404320 2.527004 2.466407 9.123582
-0.004764 -0.912874 1.116873 2.470463 2.541867 9.197858
0.002921 -0.136714 0.373258 2.516037 2.504907 9.170193
-0.220366 5.037248 -4.749521 2.471590 2.516401 9.116459
-0.115632 3.637195 -3.366886 2.495737 2.463124 9.124072
-0.043116 2.210354 -1.944648 2.500616 2.456213 9.170946
-0.001469 0.311712 -0.050065 2.520744 2.451552 9.122907
-0.002727 -0.494143 0.789176 2.504851 2.519326 9.158195
-0.073626 -2.847110 3.173860 2.520033 2.471614 9.154181
-0.020511 -1.479878 1.766672 2.516953 2.453756 9.104861
-0.002456 0.424998 -0.121217 2.456433 2.459158 9.150435
-0.334351 6.221683 -5.815130 2.462142 2.461512 9.148938
-0.471556 7.384053 -6.973330 2.533439 2.485737 9.143250
-0.906760 10.146292 -9.817745 2.540830 2.548936 9.138976
-1.055339 10.972983 -10.622715 2.536242 2.451934 9.141335
-1.077268 11.100567 -10.736824 2.541284 2.468017 9.136006
-1.628809 13.560007 -13.310060 2.538156 2.542579 9.197741
-2.459869 16.489956 -16.502920 2.507009 2.542843 9.115857
-2.036728 15.104343 -14.953979 2.520637 2.496163 9.175382
-2.991516 18.100740 -18.283911 2.486013 2.548429 9.131624
-3.258067 18.835793 -19.122454 2.499282 2.509257 9.102002
-2.891270 17.816761 -17.960354 2.548806 2.486532 9.172341
-2.372246 16.265854 -16.191843 2.528967 2.465815 9.192373
-1.452087 12.924149 -12.557329 2.525162 2.519923 9.119309
-2.107594 15.424398 -15.223701 2.469256 2.492605 9.176993
-1.848182 14.507401 -14.223414 2.535584 2.495652 9.133729
-2.448922 16.560043 -16.460573 2.462669 2.450214 9.128187
-1.823974 14.435301 -14.132331 2.466564 2.483505 9.140253
-2.483277 16.656040 -16.582199 2.515481 2.458137 9.122717
-2.998309 18.162956 -18.296143 2.489606 2.495974 9.164839
-2.974532 18.092936 -18.220308 2.473348 2.455016 9.103765
-3.132435 18.528454 -18.722208 2.466700 2.462727 9.160622
-3.238068 18.819551 -19.050615 2.478547 2.504075 9.168072
-2.956997 18.034065 -18.164227 2.494793 2.530587 9.115176
-3.586864 19.704140 -20.105619 2.450565 2.471437 9.140714
-2.562839 16.891232 -16.857164 2.468349 2.478011 9.157871
-2.645792 17.161833 -17.140583 2.525097 2.524705 9.131226
-4.217442 21.239824 -21.899517 2.508514 2.481389 9.115058
-5.226078 23.384928 -24.546068 2.513929 2.471198 9.129657
-5.778140 24.453173 -25.903111 2.536166 2.490391 9.189994
-4.588156 22.086329 -22.903402 2.542585 2.520096 9.139641
-4.953232 22.844845 -23.854477 2.518440 2.450635 9.105971
-5.576420 24.094076 -25.414326 2.512543 2.482830 9.185643
-6.094975 25.022272 -26.656940 2.484802 2.498298 9.149594
-4.202851 21.235064 -21.861763 2.490915 2.532140 9.198460
-3.347369 19.148829 -19.392012 2.500569 2.472366 9.143291
-2.639687 17.193680 -17.132124 2.501093 2.530002 9.149949
-1.700555 14.058469 -13.661107 2.461595 2.546985 9.173693
-1.701614 14.036440 -13.666445 2.496482 2.524122 9.131457
-1.162444 11.760584 -11.255899 2.528801 2.524579 9.133230
-1.131875 11.642823 -11.107783 2.464339 2.456147 9.187743
-1.063448 11.281263 -10.764336 2.524379 2.537060 9.160126
-1.393337 12.784396 -12.340871 2.469377 2.534438 9.116686
-1.089059 11.381352 -10.892644 2.530068 2.493342 9.143779
-2.231414 15.894059 -15.714577 2.514174 2.536003 9.131215
-2.103235 15.460985 -15.241091 2.508805 2.541149 9.192826
-1.879227 14.655681 -14.381507 2.450830 2.471198 9.198424
-2.756553 17.507053 -17.535793 2.486705 2.487084 9.181237
-3.163770 18.663877 -18.841122 2.460698 2.452939 9.186489
-3.929078 20.582087 -21.109474 2.455760 2.536448 9.146908
-4.008925 20.784248 -21.333519 2.454198 2.476160 9.142824
-3.228741 18.848274 -19.040052 2.476679 2.520591 9.113844
-3.184342 18.711746 -18.902319 2.533722 2.465008 9.189250
-3.829470 20.340181 -20.825897 2.499686 2.487013 9.103704
-3.778376 20.213728 -20.678967 2.539778 2.546558 9.133727
-2.447712 16.566286 -16.480368 2.504361 2.486742 9.198239
-2.166036 15.655798 -15.470215 2.471415 2.524737 9.172974
-2.490861 16.693159 -16.633852 2.515357 2.543639 9.123387
-2.289531 16.054144 -15.922446 2.486706 2.512705 9.160971
-2.236835 15.845042 -15.731402 2.543621 2.462347 9.107379
-3.131827 18.524221 -18.749496 2.522246 2.483819 9.127419
-2.210746 15.776628 -15.638015 2.471704 2.513896 9.131007
-0.715252 9.236147 -8.776008 2.455304 2.539787 9.149024
-0.592185 8.449392 -7.976913 2.471788 2.525173 9.190926
-0.429617 7.221298 -6.795129 2.487368 2.519569 9.199324
-0.825156 9.858747 -9.448867 2.539593 2.516288 9.159320
-0.891094 10.226482 -9.828165 2.525030 2.468825 9.160961
-0.947359 10.541396 -10.134982 2.529258 2.532848 9.153549
-0.707202 9.151846 -8.740636 2.483611 2.502680 9.143058
-0.584024 8.313206 -7.930860 2.475543 2.482232 9.161888
-1.262877 11.971482 -11.770192 2.494143 2.485520 9.117683
-1.299932 12.158216 -11.947584 2.547978 2.540830 9.177533
-1.290875 12.127477 -11.904464 2.478633 2.473173 9.199523
-1.773016 14.100015 -14.020411 2.473465 2.451045 9.192074
-1.504019 13.015334 -12.877498 2.453116 2.537105 9.132467
-2.357814 16.133732 -16.257580 2.451604 2.453012 9.184835
-3.616181 19.669159 -20.332121 2.525007 2.486057 9.175555
-2.769661 17.401367 -17.680067 2.539804 2.487105 9.118246
-2.944402 17.889469 -18.255205 2.461282 2.450705 9.196301
-4.550951 21.838833 -22.961535 2.477363 2.530222 9.129994
-3.838685 20.212782 -20.983011 2.484053 2.541474 9.118574
-3.913702 20.421684 -21.199623 2.485495 2.517727 9.146289
-4.733028 22.253246 -23.443508 2.531743 2.544510 9.121834
-5.020174 22.830050 -24.189613 2.488482 2.525760 9.190780
-5.564344 23.882076 -25.558407 2.546728 2.463662 9.183403
-3.752204 20.029209 -20.733358 2.539716 2.508982 9.113008
-4.746483 22.248913 -23.480400 2.531260 2.510896 9.189909
-5.909615 24.519985 -26.399801 2.473794 2.462479 9.113915
-6.932724 26.269255 -28.775295 2.453927 2.517198 9.184873
-7.442584 27.063360 -29.907501 2.471635 2.466827 9.152513
-6.333596 25.249113 -27.400812 2.505929 2.500599 9.173120
-5.869913 24.446489 -26.301355 2.516799 2.457297 9.112375
-6.825308 26.077055 -28.532068 2.533712 2.465828 9.159646
-6.456345 25.466969 -27.686626 2.493162 2.538783 9.104271
-6.914654 26.209208 -28.734545 2.488451 2.464269 9.113469
-6.131783 24.878973 -26.924597 2.524473 2.545624 9.132355
-6.442699 25.418406 -27.653727 2.489130 2.531817 9.175988
-5.286532 23.337910 -24.863409 2.452380 2.506474 9.109367
-4.561194 21.857183 -22.982183 2.539454 2.453054 9.175532
-5.043693 22.878244 -24.246071 2.512369 2.503952 9.149912
-7.194232 26.669962 -29.355246 2.516212 2.484567 9.138112
-8.209555 28.168240 -31.552597 2.496331 2.482181 9.118778
-7.338507 26.881924 -29.674295 2.531586 2.510076 9.153896
-7.809706 27.589737 -30.699848 2.516790 2.525201 9.137053
-8.793508 28.966307 -32.769146 2.507218 2.506756 9.149171
-10.632782 31.223780 -36.423008 2.469408 2.496457 9.103468
-11.129517 31.775551 -37.369881 2.506139 2.459428 9.194685
-11.459689 32.127304 -37.991261 2.529466 2.530564 9.194048
-10.873780 31.479605 -36.883465 2.486933 2.527900 9.134649
-7.486295 27.089699 -29.993620 2.493714 2.493810 9.122115
-8.792167 28.942657 -32.763153 2.478151 2.483641 9.112319
-9.053812 29.302065 -33.298756 2.493912 2.494167 9.198091
-8.753367 28.906837 -32.682926 2.488151 2.458455 9.127542
-10.031158 30.532625 -35.251205 2.542114 2.477667 9.162063
-9.745342 30.207407 -34.688408 2.479193 2.523277 9.149119
-10.406671 31.003578 -35.982605 2.466083 2.503352 9.155743
-9.301650 29.653984 -33.802284 2.460673 2.503246 9.186316
-8.010154 27.901142 -31.129210 2.548197 2.477260 9.173222
-6.052531 24.785109 -26.736082 2.454608 2.546977 9.157268
-4.547665 21.852230 -22.949686 2.457608 2.537480 9.173833
-3.796668 20.145893 -20.862137 2.478613 2.492036 9.119545
-4.416869 21.585707 -22.597214 2.544076 2.455430 9.150304
-3.291637 18.869015 -19.357382 2.498893 2.473009 9.198239
-2.961875 17.979332 -18.319271 2.491225 2.492687 9.154031
-1.998656 14.995505 -14.941039 2.537157 2.507023 9.194419
-1.995630 14.987086 -14.930727 2.462486 2.520627 9.182371
-1.767412 14.165400 -14.026340 2.512650 2.514747 9.187243
-2.119869 15.427913 -15.403645 2.546454 2.489613 9.168392
-2.972380 18.047882 -18.350428 2.478778 2.539043 9.101861
-3.921621 20.448166 -21.216101 2.525118 2.505920 9.159886
-2.535601 16.740118 -16.886274 2.464322 2.534396 9.100147
-2.276110 15.930535 -15.966712 2.522984 2.531442 9.151876
-2.184816 15.614694 -15.630948 2.513433 2.481920 9.179971
-2.234366 15.794858 -15.812433 2.542067 2.537706 9.114083
-2.419442 16.377348 -16.478039 2.544710 2.527990 9.183477
-2.218853 15.750651 -15.756062 2.522021 2.480250 9.174647
-1.230796 11.944687 -11.646237 2.497190 2.450758 9.164071
-1.600236 13.543530 -13.314560 2.503367 2.469171 9.169192
-1.161490 11.680680 -11.314542 2.543708 2.453541 9.127091
-1.287632 12.259823 -11.919919 2.511691 2.454060 9.185314
-1.510627 13.190284 -12.931655 2.467715 2.473630 9.157887
-1.326508 12.422600 -12.105112 2.497696 2.499265 9.154976
-2.494915 16.697786 -16.731152 2.518058 2.468476 9.171398
-2.924953 17.976639 -18.167450 2.450057 2.497356 9.120668
-1.948139 14.869625 -14.723917 2.501229 2.541475 9.133190
-4.243904 21.308519 -22.069389 2.515634 2.507159 9.176242
-3.409823 19.278708 -19.673216 2.479925 2.472753 9.192770
-3.785950 20.188875 -20.781700 2.466409 2.537239 9.120440
-4.513583 21.855137 -22.803036 2.480721 2.465958 9.142982
-5.111709 23.096062 -24.362400 2.484695 2.479403 9.149366
-6.623749 25.831242 -27.997849 2.508936 2.542793 9.149082
-5.736844 24.266733 -25.909966 2.535351 2.464259 9.187011
-4.659126 22.140989 -23.184771 2.543441 2.497186 9.191105
-5.694780 24.190233 -25.806870 2.477773 2.470475 9.138315
-7.347227 26.969524 -29.618835 2.524477 2.469475 9.152889
-6.352338 25.353645 -27.370129 2.515816 2.459384 9.164683
-5.662101 24.125530 -25.726248 2.504636 2.458928 9.151141
-5.536730 23.890999 -25.419521 2.505998 2.462794 9.190487
-7.005533 26.448755 -28.860561 2.458412 2.465406 9.103847
-5.537974 23.900625 -25.423836 2.493021 2.458468 9.157732
-8.062634 28.005329 -31.166061 2.483085 2.486432 9.177203
-10.552013 31.200191 -36.183578 2.544072 2.540227 9.156028
-10.429594 31.078337 -35.947659 2.538600 2.538074 9.187118
-9.870344 30.419008 -34.856842 2.511005 2.472507 9.100158
-10.975695 31.707874 -36.991089 2.547272 2.540062 9.123925
-13.184839 33.960766 -41.048931 2.459570 2.547064 9.144996
-11.029203 31.740919 -37.090221 2.472349 2.494313 9.106735
-12.107502 32.897511 -39.100185 2.508449 2.485254 9.106880
-10.303657 30.950756 -35.701504 2.536477 2.492047 9.168961
-10.786001 31.522696 -36.629593 2.453980 2.528505 9.199299
-12.734975 33.554176 -40.239258 2.483936 2.509219 9.114624
-11.273565 32.072517 -37.552620 2.519622 2.454998 9.155389
-13.875141 34.627934 -42.265678 2.542823 2.546019 9.184758
-14.748779 35.368042 -43.783527 2.452366 2.523350 9.110703
-14.440545 35.126301 -43.251183 2.544381 2.543297 9.153514
-17.622509 37.546677 -48.599552 2.521557 2.520753 9.102874
-19.739637 38.893406 -52.009586 2.513605 2.502723 9.190453
-25.118521 41.589333 -60.297649 2.510252 2.457536 9.124241
-28.632362 42.879349 -65.505241 2.457816 2.495360 9.180162
-30.720617 43.505150 -68.545334 2.509852 2.503005 9.187559
-31.657335 43.752106 -69.898064 2.474109 2.535494 9.106961
-30.246782 43.367352 -67.858078 2.520851 2.461739 9.188480
-27.304068 42.430351 -63.550606 2.514438 2.479439 9.188814
-27.848465 42.615208 -64.353065 2.475652 2.513538 9.117095
-28.246181 42.754780 -64.937599 2.537312 2.531712 9.101151
-29.384794 43.104912 -66.603638 2.455241 2.533038 9.180327
-30.103960 43.336281 -67.649704 2.501253 2.519677 9.181212
-29.503901 43.144714 -66.776329 2.503175 2.491545 9.173048
-28.400122 42.813751 -65.162781 2.534107 2.470790 9.174345
-29.653479 43.202274 -66.994263 2.491316 2.544858 9.130881
-35.129147 44.529594 -74.862289 2.497706 2.500107 9.197864
-38.746338 45.076897 -79.976639 2.461104 2.499574 9.170995
-39.409622 45.135197 -80.909966 2.496463 2.496828 9.199242
-41.543728 45.330315 -83.905594 2.456918 2.470077 9.115648
-45.175392 45.470291 -88.987427 2.538585 2.525826 9.130198
-43.887096 45.458817 -87.186485 2.492934 2.507988 9.194629
-44.779884 45.473579 -88.433922 2.529582 2.469767 9.144383
-42.007065 45.370472 -84.555260 2.485932 2.459891 9.107423
-43.941364 45.462196 -87.262527 2.485583 2.487079 9.157156
-43.828766 45.476513 -87.105431 2.504222 2.546863 9.135141
-44.944283 45.492962 -88.664314 2.496711 2.525095 9.103585
-48.974174 45.397243 -94.298935 2.466555 2.450119 9.124929
-46.598133 45.480686 -90.976364 2.452628 2.467849 9.138099
-46.576385 45.487534 -90.946022 2.528824 2.539180 9.141325
-49.380463 45.390415 -94.867653 2.521831 2.451952 9.189114
-47.614761 45.471294 -92.397446 2.453479 2.489716 9.151097
-48.244457 45.463680 -93.277534 2.506090 2.466626 9.168038
-44.814102 45.496326 -88.483078 2.509699 2.491472 9.103539
-46.758507 45.507221 -91.199959 2.496719 2.484757 9.112921
-46.383579 45.509960 -90.676605 2.494078 2.532192 9.190857
-45.570152 45.521824 -89.539917 2.518927 2.517311 9.129504
-50.033661 45.350624 -95.781067 2.489808 2.548912 9.158233
-53.233692 45.031132 -100.275803 2.525591 2.538030 9.130094
-50.847912 45.295158 -96.922066 2.517267 2.469731 9.137571
-46.508492 45.530682 -90.851730 2.500850 2.468286 9.162707
-48.927292 45.434948 -94.232071 2.503432 2.526201 9.120675
-49.121590 45.426556 -94.503502 2.535780 2.526029 9.188132
-49.704685 45.379528 -95.318542 2.455233 2.503882 9.105315
-50.325092 45.336102 -96.188103 2.486434 2.548079 9.148061
-53.816826 44.950245 -101.095581 2.493627 2.516731 9.166609
-52.301758 45.142597 -98.961792 2.526150 2.463739 9.136372
-49.775345 45.384026 -95.416862 2.501264 2.517390 9.113822
-48.005943 45.493713 -92.942337 2.484598 2.543581 9.127358
-52.482857 45.141502 -99.214066 2.493075 2.468788 9.170933
-53.435150 45.020905 -100.554459 2.532949 2.530446 9.194384
-53.787697 44.972179 -101.051773 2.508070 2.498650 9.190866
-53.168148 45.045940 -100.178452 2.542351 2.450658 9.183913
-50.995716 45.288986 -97.125526 2.485376 2.509869 9.152222
-54.221985 44.904266 -101.664078 2.515303 2.488385 9.134968
-54.997776 44.797993 -102.759750 2.524407 2.462371 9.156178
-55.435696 44.735878 -103.379646 2.527201 2.506387 9.137435
-57.808849 44.260975 -106.753021 2.520078 2.531436 9.112483
-55.257637 44.740700 -103.126701 2.531935 2.470598 9.183846
-50.367149 45.339348 -96.242599 2.521876 2.497530 9.155774
-50.510372 45.320503 -96.443787 2.488785 2.491229 9.171261
-44.334846 45.503956 -87.809959 2.533787 2.459652 9.111817
-42.650791 45.436188 -85.456207 2.535207 2.459319 9.151799
-39.461411 45.191814 -80.986092 2.520492 2.507947 9.138753
-41.774837 45.402184 -84.229927 2.528925 2.474073 9.125647
-46.510750 45.528961 -90.847916 2.455947 2.523801 9.154355
-45.959064 45.540878 -90.077751 2.532768 2.543737 9.126604
-47.550240 45.506920 -92.299820 2.517318 2.527238 9.125636
-44.375393 45.524242 -87.865265 2.519196 2.475521 9.157432
-50.287163 45.353790 -96.127869 2.465915 2.539715 9.111173
-48.087780 45.484661 -93.051674 2.461008 2.471227 9.127132
-46.270924 45.512383 -90.513351 2.491103 2.534742 9.169310
-44.408165 45.495014 -87.911949 2.543085 2.457112 9.113945
-45.567589 45.512413 -89.531784 2.464444 2.522102 9.192163
-46.987617 45.503986 -91.516045 2.458030 2.493264 9.176648
-44.996487 45.524326 -88.734474 2.461087 2.526146 9.157206
-46.238113 45.528763 -90.468597 2.489754 2.521053 9.165329
-47.527756 45.508179 -92.269844 2.499468 2.527974 9.177932
-48.066929 45.491631 -93.022926 2.519018 2.547656 9.165384
-49.997620 45.370850 -95.723686 2.528234 2.509600 9.172779
-46.309597 45.545853 -90.568314 2.483557 2.539740 9.189663
-54.785980 44.836815 -102.454498 2.458497 2.491526 9.114597
-53.110497 45.070793 -100.091347 2.451802 2.521238 9.117925
-50.982262 45.305096 -97.102402 2.486315 2.480066 9.110919
-49.265720 45.441223 -94.698914 2.549893 2.459190 9.174446
-52.095081 45.201202 -98.663536 2.484316 2.481098 9.173079
-52.072014 45.198990 -98.631042 2.522614 2.527828 9.115990
-48.057972 45.504040 -93.009941 2.531595 2.478103 9.146976
-45.888020 45.560272 -89.979500 2.501512 2.526051 9.192573
-44.944447 45.551968 -88.662712 2.509296 2.544700 9.181143
-47.062687 45.533230 -91.620247 2.548596 2.453098 9.112716
-46.994019 45.538311 -91.524017 2.473215 2.505978 9.120317
-44.823647 45.523891 -88.494164 2.498599 2.506933 9.127427
-42.091576 45.425232 -84.675720 2.537229 2.493030 9.174254
-42.243858 45.436214 -84.888939 2.480425 2.537686 9.116353
-41.000423 45.343788 -83.148270 2.541869 2.479544 9.183796
-43.243183 45.481327 -86.286438 2.475828 2.488269 9.153014
-44.309872 45.512024 -87.777458 2.473337 2.454411 9.130225
-35.878963 44.711765 -75.938393 2.451412 2.530382 9.120955
-31.815220 43.854088 -70.140564 2.463435 2.546627 9.147490
-28.794489 42.995926 -65.762192 2.459183 2.475745 9.197494
-32.215626 43.964119 -70.715248 2.539548 2.465129 9.169168
-31.148640 43.691956 -69.179611 2.494918 2.501672 9.107479
-24.434601 41.369019 -59.295723 2.542687 2.528634 9.149282
-20.582397 39.461277 -53.377556 2.517331 2.516267 9.178498
-22.149710 40.291939 -55.813629 2.465935 2.493024 9.108554
-24.092258 41.222942 -58.778538 2.450631 2.534247 9.173450
-22.583950 40.517380 -56.481213 2.538895 2.532581 9.155090
-21.134352 39.753838 -54.239735 2.509785 2.462126 9.193081
-21.971252 40.213665 -55.539112 2.500754 2.543206 9.158709
-23.702911 41.056770 -58.188908 2.496757 2.453216 9.160451
-17.596373 37.612041 -48.604889 2.476053 2.516299 9.153056
-22.298393 40.364746 -56.044342 2.472989 2.523620 9.152431
-20.144381 39.206577 -52.690033 2.539779 2.537205 9.145697
-16.429102 36.769028 -46.677883 2.525991 2.487728 9.131345
-15.745422 36.248138 -45.532482 2.473895 2.548280 9.172526
-17.171461 37.314800 -47.905704 2.507365 2.533675 9.100154
-18.986942 38.507069 -50.849724 2.530354 2.450383 9.139856
-16.013687 36.443512 -45.981335 2.464376 2.517283 9.175132
-16.530806 36.839390 -46.844883 2.458892 2.523358 9.157656
-17.025841 37.214031 -47.664268 2.518277 2.494312 9.116660
-20.306536 39.295654 -52.941608 2.495448 2.537140 9.186861
-19.905487 39.069431 -52.308868 2.458543 2.465744 9.165269
-16.841953 37.076786 -47.359535 2.495881 2.455531 9.109496
-16.178478 36.577282 -46.255993 2.519752 2.520635 9.133828
-15.834609 36.304092 -45.678848 2.497420 2.475853 9.150875
-17.620882 37.595276 -48.640476 2.502313 2.499630 9.126369
-19.086681 38.542942 -51.008911 2.466814 2.509544 9.190649
-21.629765 40.009071 -55.011482 2.517419 2.506077 9.107697
-21.476046 39.942585 -54.773270 2.495878 2.472772 9.107670
-25.416708 41.772232 -60.772427 2.453840 2.546070 9.125628
-29.072573 43.085159 -66.170258 2.471914 2.481554 9.107350
-29.592405 43.257092 -66.927818 2.514107 2.529283 9.100547
-28.833605 43.015415 -65.821945 2.480696 2.499076 9.172557
-32.256062 43.978786 -70.775742 2.532532 2.540609 9.168784
-35.159843 44.589344 -74.918793 2.522063 2.523705 9.101488
-35.469757 44.652973 -75.358788 2.495930 2.480869 9.101114
-39.277901 45.198616 -80.730545 2.507690 2.459912 9.118618
-37.966656 45.055668 -78.886345 2.542542 2.499311 9.124124
-36.241673 44.809845 -76.452652 2.525338 2.485969 9.163233
-36.769417 44.894085 -77.198296 2.459953 2.459427 9.115163
-37.386497 44.992741 -78.068863 2.460096 2.456750 9.165456
-36.088779 44.810406 -76.236458 2.489866 2.549436 9.107516
-34.848164 44.590733 -74.478416 2.509485 2.532832 9.149931
-33.789261 44.377670 -72.972023 2.479177 2.509660 9.102109
-32.005013 43.971905 -70.420303 2.540658 2.518820 9.106297
-31.539116 43.856907 -69.750366 2.492245 2.489220 9.156373
-29.374855 43.259697 -66.620865 2.504802 2.468549 9.144646
-28.849594 43.088879 -65.855881 2.533321 2.480438 9.185076
-30.954166 43.704323 -68.907944 2.494938 2.502797 9.114625
-30.380758 43.538582 -68.079689 2.501140 2.529723 9.102359
-27.721590 42.715450 -64.203697 2.482998 2.544576 9.122989
-31.455091 43.839954 -69.629372 2.496595 2.530166 9.121785
-32.199203 44.031403 -70.697601 2.469263 2.505978 9.150607
-30.733446 43.644024 -68.588852 2.461383 2.466027 9.188010
-27.761347 42.711567 -64.261292 2.506135 2.488456 9.105795
-26.578686 42.275818 -62.516884 2.506476 2.497006 9.159777
-27.304611 42.553223 -63.589958 2.452199 2.479676 9.153752
-29.511539 43.267544 -66.819633 2.542109 2.535952 9.132580
-31.997452 43.942940 -70.411377 2.455553 2.472417 9.138095
-29.900528 43.386547 -67.384338 2.479244 2.542784 9.163514
-29.569620 43.277168 -66.903343 2.497032 2.547097 9.149733
-28.157337 42.828938 -64.841484 2.549564 2.516295 9.118907
-26.814837 42.353573 -62.865314 2.484467 2.450195 9.135191
-23.231733 40.872227 -57.490421 2.509851 2.501795 9.197767
-24.655542 41.516533 -59.644859 2.487315 2.519377 9.182136
-24.247536 41.328884 -59.030190 2.533134 2.474344 9.140223
-23.004087 40.765324 -57.143318 2.534218 2.541585 9.196558
-25.213852 41.741199 -60.482235 2.480356 2.535187 9.135237
-26.214668 42.149391 -61.974350 2.528864 2.495178 9.117764
-26.676996 42.327049 -62.659405 2.502999 2.547571 9.127472
-24.971573 41.657295 -60.118404 2.485076 2.525388 9.171476
-25.352814 41.800159 -60.689655 2.526622 2.516127 9.187003
-27.860863 42.729271 -64.405769 2.467210 2.518044 9.118807
-26.009172 42.051769 -61.668652 2.547941 2.498691 9.155231
-25.053535 41.639210 -60.241425 2.547220 2.539356 9.148185
-25.942667 41.993507 -61.570499 2.470671 2.535660 9.189914
-28.285812 42.839783 -65.031654 2.498666 2.457138 9.155825
-32.206287 43.958603 -70.715843 2.492130 2.458540 9.195211
-31.015072 43.664043 -69.001045 2.480985 2.456999 9.166673
-31.310514 43.747471 -69.426849 2.547818 2.463037 9.152747
-33.437267 44.259785 -72.477577 2.497095 2.545708 9.125692
-31.547407 43.808563 -69.767845 2.500843 2.484044 9.189369
-32.289009 44.000057 -70.833458 2.501076 2.466382 9.198286
-35.486542 44.670040 -75.392441 2.492491 2.545918 9.112658
-32.374733 43.991581 -70.954506 2.473920 2.548188 9.180886
-28.481241 42.897057 -65.314232 2.537587 2.476570 9.118505
-25.949974 41.981411 -61.577057 2.511035 2.468917 9.163637
-24.380808 41.336456 -59.224426 2.467815 2.523773 9.106696
-27.246786 42.465870 -63.500713 2.533753 2.525702 9.194288
-29.440956 43.200382 -66.716293 2.511698 2.462584 9.198228
-33.713409 44.303680 -72.869827 2.524594 2.467310 9.123726
-40.216862 45.297947 -82.057983 2.510960 2.507957 9.165306
-47.965405 45.504955 -92.887337 2.514959 2.480709 9.139511
-47.806900 45.508701 -92.666084 2.468026 2.517167 9.118952
-48.564499 45.470913 -93.724579 2.519293 2.545063 9.103277
-53.757767 44.984715 -101.010658 2.450277 2.479654 9.130452
-57.938023 44.228882 -106.942017 2.492206 2.549448 9.168386
-58.028584 44.179642 -107.071472 2.475608 2.517059 9.182285
-60.176323 43.667583 -110.156258 2.547272 2.509871 9.138290
-60.508972 43.581284 -110.637184 2.488703 2.541691 9.168629
-59.497265 43.853584 -109.178772 2.454848 2.542399 9.156527
-60.512051 43.605289 -110.641014 2.498991 2.507483 9.106918
-57.885876 44.252853 -106.868156 2.528079 2.505717 9.163108
-59.517181 43.876701 -109.206001 2.519428 2.534658 9.128114
-59.491951 43.867455 -109.170525 2.505397 2.509974 9.146754
-63.612476 42.633644 -115.161041 2.491940 2.474272 9.196549
-64.884644 42.170322 -117.040947 2.480129 2.507532 9.138865
-66.860703 41.345318 -119.998672 2.460464 2.501571 9.142238
-67.771240 40.932423 -121.378281 2.538815 2.527694 9.148502
-66.281876 41.571720 -119.128281 2.453859 2.528646 9.151002
-66.047707 41.660103 -118.776390 2.541400 2.502913 9.161487
-65.280510 42.005436 -117.631622 2.506569 2.453759 9.168090
-63.530479 42.651768 -115.042465 2.482692 2.484530 9.136407
-61.256245 43.370110 -111.720192 2.536616 2.499173 9.103648
-60.334934 43.628757 -110.386307 2.501507 2.533288 9.160233
-56.633751 44.476551 -105.082718 2.491051 2.458288 9.107739
-51.838215 45.208500 -98.309143 2.503384 2.465698 9.196521
-59.352364 43.878674 -108.969406 2.501222 2.540690 9.131916
-57.996197 44.195091 -107.025421 2.454735 2.489085 9.157554
-51.851582 45.188633 -98.326958 2.500688 2.455288 9.146297
-53.321369 45.005287 -100.395195 2.525632 2.456051 9.198070
-49.988697 45.327530 -95.712433 2.515692 2.532973 9.128629
-44.998531 45.481647 -88.732613 2.513874 2.491089 9.132843
-45.672787 45.470177 -89.675201 2.483423 2.494854 9.196245
-44.248852 45.455040 -87.685135 2.520399 2.549538 9.135727
-47.232143 45.445595 -91.857224 2.537193 2.469681 9.156473
-50.335091 45.277851 -96.201538 2.467638 2.532671 9.183756
-49.704456 45.322605 -95.316902 2.469484 2.452101 9.125383
-53.878689 44.876400 -101.186958 2.499496 2.548895 9.108070
-53.638000 44.903301 -100.847214 2.514698 2.542787 9.184383
-54.457798 44.780087 -102.006149 2.455579 2.546160 9.141819
-50.335045 45.251678 -96.200752 2.496591 2.505579 9.141445
-50.826725 45.214596 -96.890808 2.468265 2.503302 9.102579
-46.983887 45.422535 -91.506775 2.472782 2.480775 9.174183
-43.602470 45.393822 -86.776176 2.547248 2.491967 9.107327
-45.495346 45.425545 -89.425095 2.533846 2.451631 9.146613
-43.857662 45.384003 -87.134148 2.528605 2.545035 9.192549
-37.203365 44.791042 -77.780197 2.462099 2.531510 9.168617
-38.067371 44.928284 -79.001251 2.452412 2.502268 9.199639
-39.410664 45.096737 -80.894608 2.497181 2.520746 9.102322
-38.316425 44.973610 -79.353195 2.477798 2.458478 9.170907
-39.662678 45.131821 -81.248970 2.507751 2.536221 9.126364
-40.458057 45.211292 -82.366585 2.513436 2.523684 9.148076
-36.255093 44.685734 -76.440018 2.495147 2.478119 9.193604
-37.290562 44.836601 -77.906090 2.481154 2.466094 9.177594
-39.273659 45.084751 -80.702408 2.488864 2.490695 9.148861
-35.937279 44.629223 -75.989212 2.452702 2.519523 9.155433
-33.631947 44.185276 -72.706398 2.472531 2.503921 9.143571
-34.019352 44.282673 -73.259346 2.453078 2.487814 9.117188
-36.831944 44.805233 -77.255051 2.512069 2.464385 9.122030
-34.924812 44.460289 -74.549843 2.481138 2.463416 9.121636
-32.561157 43.957493 -71.171341 2.530687 2.520516 9.133632
-31.371964 43.658993 -69.459267 2.476338 2.512784 9.121409
-33.454895 44.146816 -72.452629 2.532956 2.466985 9.102651
-31.052984 43.559135 -68.997383 2.469728 2.531314 9.100354
-32.110447 43.836739 -70.522667 2.511160 2.516353 9.118507
-28.626932 42.842220 -65.465858 2.498490 2.515314 9.149411
-30.079487 43.294224 -67.585396 2.467929 2.485134 9.199612
-30.330746 43.385487 -67.950844 2.530767 2.545883 9.130377
-32.750793 44.008934 -71.442070 2.481124 2.543920 9.113068
-26.585907 42.143162 -62.457150 2.537789 2.525420 9.145887
-26.304203 42.047546 -62.038059 2.501520 2.517886 9.126962
-26.209368 42.010014 -61.897114 2.544407 2.507748 9.145058
-20.665262 39.408791 -53.437050 2.546659 2.488660 9.191610
-16.173485 36.464752 -46.164558 2.465125 2.539191 9.100608
-16.642368 36.799965 -46.947479 2.531222 2.509315 9.114011
-15.903488 36.236774 -45.710617 2.524578 2.490790 9.155450
-16.987904 37.044540 -47.521000 2.521763 2.528177 9.129650
-15.438051 35.874687 -44.920898 2.540280 2.471300 9.169472
-14.079120 34.741344 -42.577969 2.522470 2.535697 9.118097
-10.666852 31.324207 -36.345909 2.519467 2.511304 9.139723
-12.331006 33.114918 -39.455753 2.493819 2.546524 9.177196
-12.971754 33.730877 -40.614246 2.480929 2.536255 9.117376
-12.573556 33.350456 -39.895332 2.540002 2.459247 9.171105
-12.777139 33.556839 -40.263790 2.492505 2.498168 9.144255
-9.623782 30.098621 -34.311676 2.471178 2.533787 9.185799
-11.628042 32.394207 -38.160515 2.467904 2.467635 9.105062
-7.819479 27.654106 -30.590961 2.519528 2.505703 9.171670
-8.848775 29.072325 -32.748920 2.452208 2.523802 9.151423
-8.250568 28.252731 -31.506046 2.522545 2.516778 9.123755
-6.611277 25.755104 -27.909166 2.499415 2.465842 9.114352
-7.316906 26.870861 -29.496557 2.468084 2.475660 9.110046
-7.379772 26.964779 -29.634630 2.484332 2.546597 9.161071
-8.744704 28.943525 -32.538097 2.479322 2.545376 9.185624
-6.925667 26.285368 -28.629885 2.522334 2.464468 9.153010
-5.948594 24.631556 -26.364656 2.489188 2.506787 9.157496
-5.952710 24.661327 -26.375854 2.479219 2.488204 9.126290
-4.953434 22.792986 -23.900999 2.481081 2.541995 9.118728
-5.369797 23.646820 -24.953222 2.486501 2.506965 9.197412
-5.198402 23.344105 -24.523777 2.485291 2.481582 9.131916
-4.545143 21.988998 -22.833921 2.472145 2.537984 9.165529
-4.909361 22.742674 -23.788248 2.493683 2.515724 9.180099
-6.483728 25.674320 -27.612051 2.549054 2.513314 9.114084
-6.653756 25.975090 -28.000458 2.540012 2.521506 9.175426
-6.292171 25.349957 -27.168036 2.487741 2.481224 9.110142
-4.455656 21.778439 -22.595835 2.481104 2.466747 9.141176
-6.019989 24.831715 -26.534229 2.491441 2.482020 9.101027
-5.050282 22.999350 -24.151611 2.461021 2.500953 9.148610
-5.132731 23.151821 -24.360960 2.469001 2.475082 9.140293
-4.156475 21.090929 -21.778473 2.464930 2.517143 9.169699
-3.830310 20.326160 -20.859724 2.544976 2.523266 9.106997
-6.484134 25.634527 -27.619690 2.507716 2.532464 9.195329
-5.538524 23.971754 -25.375477 2.528935 2.462545 9.124736
-4.914416 22.747000 -23.806608 2.480096 2.493979 9.190111
-5.808055 24.498180 -26.027044 2.498129 2.480213 9.142114
-7.376793 27.117792 -29.615366 2.514864 2.484830 9.116659
-7.302834 26.988405 -29.455027 2.479305 2.482074 9.163093
-8.070710 28.118641 -31.109493 2.496832 2.474331 9.132442
-9.281177 29.737980 -33.602608 2.522429 2.507931 9.138996
-9.334382 29.800167 -33.709644 2.478475 2.452662 9.194983
-9.880727 30.473587 -34.794037 2.538248 2.542556 9.122076
-9.544529 30.055346 -34.128803 2.499178 2.524392 9.114946
-11.657963 32.477867 -38.185139 2.534486 2.477780 9.121599
-12.615074 33.429989 -39.938114 2.480772 2.538683 9.194363
-12.632463 33.436226 -39.969635 2.457519 2.535188 9.189832
-12.981467 33.788200 -40.597397 2.468665 2.528246 9.186049
-16.356188 36.637707 -46.425709 2.478010 2.516050 9.105817
-16.941113 37.054298 -47.397934 2.502333 2.533216 9.128907
-16.478832 36.696678 -46.630501 2.519048 2.471428 9.126229
-17.432261 37.405735 -48.207951 2.459570 2.508855 9.155697
-16.979240 37.099621 -47.462185 2.547444 2.475508 9.177266
-18.049021 37.832840 -49.214451 2.450175 2.516040 9.168103
-18.036379 37.817970 -49.193714 2.470808 2.506786 9.100698
-19.488441 38.730091 -51.529934 2.485022 2.516829 9.186717
-20.811226 39.487152 -53.618874 2.486469 2.479316 9.171507
-25.527512 41.747021 -60.831932 2.522329 2.535961 9.185939
-25.044559 41.528599 -60.107563 2.503258 2.539466 9.131855
-24.665674 41.378906 -59.536674 2.472224 2.462945 9.157256
-23.144508 40.688004 -57.227470 2.529264 2.478732 9.110758
-29.944860 43.276798 -67.342522 2.477582 2.463748 9.191579
-28.604733 42.870789 -65.387161 2.469398 2.467770 9.162303
-27.676672 42.545593 -64.023979 2.493613 2.456691 9.149780
-29.613573 43.179512 -66.861626 2.517247 2.532815 9.145852
-29.632383 43.187534 -66.888664 2.500260 2.482593 9.172371
-27.241810 42.401852 -63.381916 2.458225 2.521159 9.177053
-26.152132 41.986073 -61.765003 2.542393 2.470171 9.189813
-26.648365 42.172684 -62.503300 2.497301 2.548700 9.111578
-24.915468 41.482273 -59.913837 2.454171 2.478606 9.101141
-21.592396 39.906391 -54.837151 2.517545 2.526893 9.145859
-23.884724 41.047867 -58.354877 2.484205 2.510630 9.151932
-25.755136 41.858356 -61.170033 2.466701 2.497091 9.187589
-26.841124 42.267548 -62.785633 2.513779 2.543835 9.191704
-26.859283 42.267384 -62.811771 2.527940 2.479911 9.137852
-31.719700 43.767056 -69.906807 2.467436 2.516334 9.194184
-28.409925 42.791790 -65.096481 2.527303 2.501884 9.101221
-30.921589 43.536186 -68.756058 2.547713 2.478094 9.190388
-34.680279 44.398537 -74.149139 2.521172 2.525114 9.120022
-32.323433 43.887314 -70.777237 2.481273 2.523814 9.186761
-29.680105 43.184658 -66.953957 2.474533 2.545129 9.145082
-32.602261 43.966465 -71.177383 2.484564 2.502036 9.163090
-32.173546 43.874218 -70.561745 2.488340 2.497537 9.127634
-29.538967 43.147465 -66.748985 2.456034 2.503582 9.136683
-26.382565 42.044281 -62.102852 2.465333 2.485647 9.163603
-25.448833 41.685432 -60.708553 2.527822 2.455399 9.179247
-24.994240 41.502132 -60.026394 2.470557 2.501832 9.122030
-28.915592 42.953388 -65.837685 2.521348 2.477798 9.145871
-23.788307 40.980446 -58.202641 2.545286 2.541883 9.144628
-25.114758 41.563568 -60.206226 2.509388 2.524207 9.172413
-25.058527 41.549747 -60.122578 2.541012 2.459994 9.148917
-26.380884 42.093472 -62.099556 2.493192 2.482822 9.144757
-27.287041 42.437000 -63.442089 2.500404 2.527292 9.118781
-31.413254 43.727669 -69.459366 2.486660 2.456518 9.180189
-29.070259 43.049805 -66.061249 2.504750 2.490282 9.102906
-33.643063 44.252354 -72.659760 2.513990 2.549197 9.129537
-33.492592 44.240562 -72.443886 2.490429 2.502145 9.104024
-35.128643 44.564095 -74.773743 2.533575 2.538584 9.107080
-40.217262 45.273674 -81.951378 2.502786 2.503735 9.107395
-40.933926 45.325378 -82.955833 2.469385 2.540511 9.187911
-40.087631 45.268513 -81.768913 2.487124 2.518744 9.132797
-35.879807 44.716015 -75.840820 2.494837 2.464865 9.135598
-39.523781 45.201801 -80.979408 2.495228 2.500428 9.191024
-49.043198 45.431126 -94.292969 2.515301 2.450656 9.180506
-48.408413 45.465244 -93.404465 2.521679 2.532665 9.172801
-43.268978 45.489426 -86.224014 2.532072 2.494481 9.170568
-45.692364 45.533371 -89.609436 2.458719 2.480691 9.155070
-48.154789 45.469543 -93.049652 2.483175 2.500080 9.114819
-52.322784 45.124409 -98.892746 2.498282 2.538479 9.178014
-47.881912 45.454414 -92.668198 2.541367 2.530599 9.129116
-46.986145 45.478394 -91.416618 2.496560 2.530352 9.169033
-48.572060 45.413792 -93.634384 2.519247 2.454494 9.131273
-49.463722 45.370152 -94.881844 2.491694 2.460311 9.139013
-49.873440 45.345318 -95.455376 2.529083 2.543068 9.106187
-51.144787 45.242844 -97.237442 2.490250 2.516990 9.189664
-49.778870 45.368378 -95.322281 2.484386 2.462345 9.178694
-49.272350 45.382050 -94.612877 2.503861 2.503354 9.180091
-49.553719 45.358604 -95.006699 2.471726 2.492690 9.123168
-42.077400 45.373283 -84.550507 2.504935 2.495234 9.100842
-41.272594 45.313152 -83.422653 2.479109 2.487243 9.153769
-36.957432 44.835670 -77.351906 2.515089 2.519878 9.190044
-34.088417 44.321445 -73.278503 2.547737 2.520726 9.111997
-34.396843 44.375648 -73.718674 2.537542 2.495883 9.193708
-32.688202 44.022141 -71.277145 2.478332 2.472899 9.136074
-28.176752 42.732918 -64.734863 2.541969 2.497299 9.127209
-27.363523 42.454250 -63.537281 2.459969 2.515889 9.130912
-32.342495 43.957447 -70.779533 2.483955 2.462951 9.187425
-30.441763 43.459824 -68.038078 2.479678 2.485543 9.152671
-32.137615 43.910854 -70.484917 2.539223 2.548484 9.118432
-38.241844 45.046356 -79.158661 2.475854 2.523716 9.179377
-40.542397 45.309074 -82.390602 2.463867 2.531673 9.135844
-39.181194 45.171146 -80.480461 2.523314 2.460971 9.105372
-42.666435 45.458363 -85.364693 2.511357 2.537566 9.193617
-42.162670 45.433472 -84.660042 2.525332 2.455002 9.128107
-42.052460 45.420628 -84.506187 2.474226 2.491880 9.105648
-39.947117 45.247021 -81.556351 2.477396 2.473296 9.120433
-31.032103 43.639858 -68.894798 2.534867 2.525765 9.190467
-36.266983 44.775436 -76.371117 2.546738 2.547652 9.193754
-38.027252 45.042786 -78.856163 2.457395 2.461617 9.197183
-37.619377 44.984322 -78.281433 2.518715 2.544011 9.151310
-36.621044 44.828030 -76.872398 2.511385 2.472977 9.196554
-34.130348 44.372211 -73.337921 2.511563 2.549499 9.170824
-37.810024 44.985458 -78.551392 2.476157 2.548327 9.117540
-29.125532 43.058956 -66.122993 2.489740 2.541095 9.126158
-23.768379 40.994034 -58.156742 2.458398 2.518525 9.193657
-23.227381 40.749954 -57.332954 2.521731 2.487490 9.170472
-19.775745 38.929218 -51.966351 2.519054 2.548568 9.196961
-19.886787 38.991814 -52.142303 2.547266 2.459175 9.162205
-17.890722 37.704811 -48.935715 2.476159 2.543049 9.161519
-18.200716 37.919689 -49.439816 2.457514 2.453256 9.188586
-18.483816 38.114441 -49.898468 2.490884 2.541142 9.136348
-18.353983 38.013279 -49.688305 2.525634 2.527721 9.121727
-16.059246 36.375950 -45.906593 2.538368 2.495042 9.177786
-15.715306 36.106312 -45.327305 2.478620 2.491286 9.164423
-13.527558 34.253738 -41.544216 2.548515 2.459433 9.181764
-15.039618 35.566837 -44.177212 2.539620 2.525077 9.139553
-12.835546 33.617416 -40.309677 2.542592 2.465165 9.171072
-12.413552 33.211979 -39.545670 2.520202 2.500141 9.152963
-12.712530 33.508606 -40.087215 2.517157 2.493559 9.156235
-11.717731 32.491009 -38.268147 2.465636 2.512572 9.191204
-8.406588 28.505243 -31.775164 2.531979 2.541755 9.191758
-9.308091 29.724619 -33.621338 2.505251 2.513326 9.139474
-12.866504 33.657406 -40.362164 2.486000 2.541448 9.123586
-14.130762 34.816364 -42.601501 2.497330 2.500941 9.119761
-13.283135 34.058487 -41.107704 2.468089 2.518074 9.107358
-9.761169 30.287285 -34.524567 2.512108 2.525456 9.164545
-8.018147 27.969267 -30.957693 2.540365 2.525539 9.138819
-7.417747 27.075541 -29.662962 2.524423 2.463932 9.174600
-8.268437 28.294060 -31.489084 2.506682 2.545623 9.122226
-6.747069 25.975286 -28.166178 2.542596 2.467324 9.139909
-7.811292 27.637398 -30.517633 2.455525 2.453043 9.160750
-7.241714 26.764088 -29.275612 2.514907 2.535935 9.162460
-7.129588 26.593618 -29.026405 2.466695 2.521929 9.121920
-5.770398 24.271881 -25.872370 2.462564 2.498507 9.195230
-5.978250 24.649906 -26.372517 2.511225 2.527208 9.156388
-5.200295 23.183811 -24.459606 2.501065 2.463270 9.119351
-3.679597 19.860878 -20.332090 2.480422 2.504347 9.189503
-4.066607 20.770037 -21.442732 2.516340 2.530006 9.138959
-3.808705 20.143337 -20.707077 2.544546 2.473132 9.199976
-3.456995 19.249300 -19.666847 2.530360 2.537401 9.143147
-3.518863 19.423508 -19.854212 2.543990 2.464883 9.164725
-2.961158 17.955221 -18.120712 2.509105 2.478662 9.153930
-3.012130 18.089602 -18.284090 2.508458 2.464951 9.156075
-2.046601 15.036446 -14.910184 2.515030 2.451514 9.103567
-2.077636 15.150174 -15.029322 2.494184 2.462804 9.180271
-1.356706 12.344235 -12.005209 2.542571 2.512217 9.103162
-1.629922 13.509177 -13.223143 2.538823 2.483537 9.108098
-0.945438 10.360898 -9.925447 2.495234 2.528731 9.167999
-1.604225 13.407256 -13.113548 2.516541 2.490344 9.116963
-2.005847 14.912883 -14.751322 2.488659 2.529378 9.164416
-1.940805 14.641597 -14.497809 2.469152 2.539547 9.192916
-1.931546 14.597183 -14.461006 2.501765 2.492930 9.180240
-2.198419 15.517428 -15.483641 2.450276 2.524525 9.144826
-3.041818 18.114206 -18.390499 2.458970 2.472770 9.181962
-3.500076 19.346235 -19.812866 2.481291 2.487036 9.188025
-3.765897 20.006094 -20.599428 2.532584 2.450392 9.197123
-5.742555 24.178448 -25.831806 2.450634 2.511078 9.183043
-5.720866 24.137249 -25.779913 2.458308 2.529204 9.119861
-6.756803 25.946440 -28.218054 2.524954 2.518471 9.196105
-6.391477 25.330654 -27.376547 2.515538 2.479722 9.116817
-7.159716 26.611012 -29.124609 2.469247 2.465214 9.147094
-5.827979 24.350689 -26.039492 2.528739 2.458599 9.157671
-6.995416 26.336660 -28.756855 2.477226 2.468867 9.177954
-7.666492 27.373472 -30.236681 2.502532 2.473037 9.132042
-7.497454 27.128328 -29.869665 2.509514 2.505275 9.163319
-5.534746 23.800337 -25.323364 2.513658 2.545838 9.115019
-5.237882 23.227228 -24.582151 2.487995 2.460004 9.123797
-4.146358 20.907621 -21.687134 2.498979 2.542574 9.128222
-4.230366 21.102049 -21.920895 2.515392 2.477988 9.103168
-5.042104 22.827717 -24.082935 2.538269 2.468140 9.177484
-5.075834 22.910604 -24.169334 2.499682 2.526398 9.125355
-6.603552 25.712465 -27.865520 2.484252 2.469531 9.195507
-7.074152 26.506020 -28.931673 2.535454 2.462432 9.143864
-7.682950 27.423002 -30.269341 2.482388 2.496632 9.112017
-7.804937 27.588692 -30.531633 2.549711 2.510213 9.165478
-9.159804 29.458048 -33.359367 2.455118 2.518429 9.114096
-8.249959 28.221130 -31.479717 2.518384 2.493860 9.141609
-7.344141 26.877430 -29.527752 2.532865 2.502007 9.194631
-5.952912 24.525526 -26.333521 2.523133 2.472207 9.128847
-4.483375 21.610718 -22.597450 2.540620 2.469835 9.122599
-4.021572 20.564594 -21.318430 2.452067 2.524166 9.165288
-5.084039 22.869349 -24.179945 2.495069 2.453391 9.138091
-5.807249 24.260977 -25.982534 2.500955 2.475357 9.158334
-5.668499 23.994793 -25.644432 2.487721 2.481946 9.106654
-5.714862 24.113846 -25.757339 2.503344 2.466754 9.171284
-5.971605 24.564590 -26.378382 2.496118 2.458983 9.107009
-5.737341 24.135210 -25.812443 2.516566 2.463702 9.159867
-5.807294 24.260984 -25.982931 2.522460 2.456669 9.108256
-6.280649 25.108561 -27.112310 2.535850 2.466162 9.168793
-6.757310 25.925594 -28.215521 2.526353 2.472391 9.169629
-7.660707 27.342470 -30.223644 2.542317 2.467667 9.109448
-7.193247 26.645285 -29.197851 2.450155 2.479502 9.146568
-8.355772 28.357986 -31.705637 2.461624 2.514302 9.142738
-6.618582 25.679352 -27.897392 2.465297 2.500321 9.108911
-5.934155 24.478239 -26.288187 2.533189 2.508394 9.138746
-6.939606 26.194235 -28.629639 2.454623 2.477937 9.137414
-7.165923 26.570274 -29.137526 2.477061 2.480754 9.141711
-6.869967 26.099747 -28.472878 2.513364 2.467673 9.156401
-6.177716 24.950788 -26.871494 2.518216 2.542155 9.138325
-6.266732 25.103384 -27.081228 2.450968 2.526452 9.161628
-5.782349 24.229120 -25.924088 2.490284 2.454053 9.114253
-4.692472 22.076672 -23.162861 2.464638 2.533471 9.156347
-3.884822 20.256382 -20.932768 2.459419 2.530022 9.159660
-5.120690 22.972988 -24.275335 2.475066 2.524478 9.191857
-3.315309 18.842255 -19.240475 2.521489 2.536743 9.139204
-4.087370 20.758919 -21.512680 2.461441 2.463182 9.102677
-3.428390 19.150389 -19.590117 2.536704 2.529722 9.178215
-3.257983 18.699419 -19.066364 2.484960 2.475460 9.104702
-4.035452 20.649834 -21.366459 2.489058 2.545276 9.150622
-6.906723 26.198584 -28.547228 2.531093 2.463408 9.139827
-8.491365 28.549595 -31.981562 2.545212 2.543078 9.121387
-5.770431 24.203259 -25.885706 2.452105 2.491135 9.126993
-5.356160 23.394773 -24.862894 2.464834 2.495725 9.128197
-6.893207 26.114883 -28.519669 2.468939 2.459345 9.113310
-7.035494 26.353456 -28.840311 2.460489 2.493778 9.132313
-8.014828 27.838442 -30.983442 2.490165 2.515910 9.136837
-10.080720 30.569176 -35.201344 2.501788 2.464765 9.143129
-10.133512 30.639648 -35.304886 2.534176 2.503289 9.169946
-9.107853 29.353544 -33.260475 2.456399 2.544322 9.103687
-6.223458 25.031672 -26.978886 2.459297 2.535789 9.188966
-7.098838 26.504410 -28.985027 2.486181 2.538140 9.173769
-7.547136 27.178366 -29.975433 2.474127 2.483370 9.144889
-8.225815 28.181015 -31.431549 2.536650 2.470160 9.198549
-9.901683 30.404573 -34.844715 2.537586 2.546863 9.128510
-8.365054 28.420813 -31.727362 2.487461 2.487063 9.158545
-9.612532 30.062223 -34.272217 2.494292 2.501368 9.100408
-10.418715 31.037884 -35.853119 2.475123 2.473052 9.136239
-10.649242 31.297617 -36.297852 2.508086 2.541333 9.170777
-14.371588 34.989346 -43.074245 2.537988 2.487598 9.120770
-15.174349 35.663998 -44.457806 2.516687 2.501940 9.194439
-14.478507 35.070774 -43.259819 2.508404 2.455141 9.192119
-14.280892 34.911591 -42.915810 2.529324 2.465509 9.199776
-18.019873 37.754025 -49.199501 2.461725 2.505359 9.107124
-14.748762 35.313953 -43.726540 2.506665 2.455055 9.166602
-13.931149 34.616375 -42.304482 2.467885 2.543702 9.108199
-16.414312 36.623413 -46.551758 2.513340 2.470175 9.159984
-13.969513 34.609955 -42.370300 2.542674 2.477764 9.120399
-12.336987 33.076054 -39.449635 2.513469 2.506852 9.100452
-14.622761 35.158249 -43.508560 2.450589 2.483227 9.186440
-14.405385 34.958923 -43.131878 2.450529 2.466027 9.102614
-11.465911 32.119957 -37.834255 2.512613 2.504256 9.183096
-14.281381 34.845547 -42.916275 2.463564 2.465693 9.138416
-13.359122 34.021362 -41.291218 2.506166 2.489977 9.122149
-14.304075 34.882309 -42.955627 2.517816 2.461238 9.174536
-16.869646 36.924320 -47.314007 2.529086 2.457899 9.177798
-16.344601 36.540310 -46.439060 2.534039 2.463129 9.183583
-15.317247 35.732918 -44.702785 2.506692 2.483978 9.141442
-16.835186 36.867287 -47.258007 2.482807 2.515767 9.161198
-15.513730 35.863811 -45.037186 2.459919 2.504146 9.178353
-14.962787 35.419167 -44.095379 2.450905 2.528743 9.117014
-12.063536 32.755585 -38.943520 2.492269 2.469250 9.106244
-13.179773 33.846836 -40.969070 2.453428 2.545307 9.132222
-9.813465 30.220800 -34.650982 2.493260 2.497723 9.160788
-7.700082 27.340317 -30.277809 2.490189 2.512292 9.140679
-9.013810 29.205677 -33.041222 2.515872 2.483025 9.147983
-10.545836 31.095865 -36.080177 2.458880 2.482117 9.140219
-12.081096 32.760906 -38.972885 2.534684 2.483600 9.160779
-11.843707 32.499142 -38.534122 2.481627 2.545790 9.144812
-9.846335 30.253796 -34.712296 2.492520 2.487703 9.165111
-8.977808 29.138081 -32.965408 2.461191 2.502522 9.132610
-8.301393 28.217245 -31.560780 2.504799 2.502959 9.165528
-9.183419 29.385342 -33.384293 2.485122 2.510886 9.164610
-11.507806 32.110905 -37.911507 2.511881 2.501307 9.160496
-10.130789 30.545404 -35.272198 2.505095 2.533230 9.131662
-9.876678 30.224995 -34.771820 2.544811 2.475136 9.164148
-10.754740 31.264570 -36.483265 2.480497 2.508981 9.117741
-8.731022 28.735794 -32.451443 2.523285 2.526508 9.124448
-7.151197 26.421173 -29.052219 2.456234 2.456061 9.156515
-6.177363 24.810066 -26.807859 2.480193 2.510754 9.114106
-3.982528 20.328466 -21.118444 2.488713 2.493970 9.195257
-4.691832 21.926083 -23.081812 2.468057 2.465844 9.107739
-4.848939 22.256523 -23.498308 2.477318 2.518648 9.110305
-3.899528 20.116537 -20.880728 2.487383 2.515740 9.137721
-3.384020 18.833015 -19.340683 2.543252 2.465833 9.126995
-3.349970 18.730379 -19.234850 2.489279 2.482400 9.181118
-2.596170 16.553171 -16.755077 2.515536 2.502922 9.123671
-2.640626 16.696680 -16.909906 2.455434 2.549589 9.148897
-2.263325 15.495290 -15.556749 2.479895 2.500257 9.129425
-3.225012 18.414190 -18.839821 2.541660 2.458385 9.193933
-3.642889 19.535307 -20.120060 2.511336 2.515669 9.181360
-5.249004 23.113764 -24.518137 2.537320 2.492221 9.194754
-3.842309 20.048967 -20.708521 2.495842 2.529100 9.122162
-3.729085 19.787878 -20.375820 2.490530 2.479081 9.126192
-4.008882 20.487152 -21.186773 2.496247 2.498404 9.130645
-3.768805 19.881884 -20.493229 2.511685 2.519144 9.105190
-2.516307 16.424196 -16.491306 2.458983 2.474351 9.199388
-3.789604 19.980379 -20.550228 2.469650 2.549000 9.144865
-4.743639 22.177629 -23.193243 2.511207 2.499979 9.190025
-5.292465 23.309040 -24.607420 2.535623 2.456935 9.107076
-6.784190 25.993448 -28.168722 2.491004 2.516448 9.144601
-7.319146 26.851515 -29.367392 2.466037 2.500458 9.182957
-5.986578 24.624453 -26.310167 2.508311 2.471676 9.189242
-5.765700 24.225245 -25.778299 2.504128 2.479959 9.136863
-6.008452 24.645767 -26.364231 2.530169 2.453954 9.186894
-5.476848 23.655832 -25.069592 2.511669 2.465418 9.102951
-5.237022 23.200478 -24.468437 2.515716 2.532551 9.118032
-5.972909 24.588440 -26.278519 2.467793 2.456407 9.142838
-7.746712 27.498114 -30.300163 2.545571 2.518622 9.172406
-7.072072 26.471659 -28.819029 2.517106 2.490140 9.128540
-7.730489 27.474831 -30.265810 2.469539 2.493124 9.152397
-9.313615 29.663816 -33.563885 2.500159 2.489319 9.111209
-7.916192 27.736317 -30.666054 2.493771 2.450978 9.120016
-9.927230 30.432751 -34.785931 2.452190 2.531275 9.158403
-9.112443 29.393623 -33.157734 2.533419 2.524305 9.179236
-8.887700 29.101288 -32.699574 2.543868 2.480158 9.142448
-9.859856 30.352812 -34.652908 2.458167 2.498570 9.178993
-11.427588 32.159447 -37.663158 2.479498 2.459083 9.171390
-11.040997 31.727253 -36.935265 2.542843 2.542111 9.152280
-9.448348 29.833113 -33.834053 2.494560 2.519424 9.105084
-8.336591 28.335205 -31.554808 2.527556 2.474688 9.142671
-10.348244 30.913006 -35.608086 2.525251 2.477219 9.122003
-11.210453 31.892385 -37.257046 2.519592 2.450974 9.179182
-11.906208 32.627937 -38.556423 2.546208 2.519346 9.152453
-11.302930 31.990984 -37.431595 2.483546 2.517863 9.125586
-9.707256 30.135130 -34.350605 2.539744 2.478851 9.185511
-9.155490 29.431793 -33.243568 2.476454 2.484601 9.180241
-8.852736 29.034496 -32.626095 2.465317 2.504669 9.137590
-10.999156 31.652836 -36.858086 2.495268 2.540010 9.153933
-11.341060 32.042957 -37.503918 2.472246 2.543111 9.162674
-10.429416 31.027979 -35.767632 2.520897 2.498181 9.169488
-10.211476 30.760202 -35.345181 2.521359 2.548108 9.135906
-11.581049 32.306412 -37.954491 2.538204 2.547106 9.134092
-11.868092 32.608044 -38.487114 2.450348 2.546721 9.135325
-9.563343 29.965891 -34.066586 2.502938 2.511896 9.100449
-6.975535 26.292286 -28.601547 2.531945 2.450405 9.176838
-7.732409 27.465576 -30.269602 2.483326 2.496817 9.144260
-7.254496 26.719158 -29.224609 2.463762 2.462785 9.195977
-7.628612 27.305414 -30.045547 2.547712 2.460269 9.103035
-5.675931 24.043222 -25.557934 2.492383 2.529588 9.106053
-4.007380 20.566683 -21.180998 2.490328 2.544566 9.176620
-4.243233 21.099596 -21.842093 2.469401 2.486589 9.185240
-3.487241 19.242430 -19.656185 2.488586 2.545580 9.145458
-4.429271 21.504103 -22.352621 2.461060 2.458992 9.187535
-3.562133 19.478922 -19.885618 2.470507 2.475033 9.138798
-2.725512 17.151705 -17.233610 2.465538 2.514282 9.175959
-1.590664 13.218128 -12.919288 2.538207 2.488430 9.187747
-1.265602 11.799969 -11.422854 2.530075 2.495636 9.140187
-1.545185 13.075953 -12.718472 2.488766 2.548233 9.127384
-1.662769 13.566610 -13.225505 2.511140 2.467285 9.101495
-2.110348 15.235229 -15.018654 2.465530 2.513047 9.110296
-1.716262 13.811042 -13.453219 2.513602 2.547088 9.120846
-2.318082 15.952395 -15.784885 2.465015 2.494767 9.166970
-2.058367 15.065404 -14.815674 2.497512 2.456484 9.108619
-1.605021 13.348563 -12.974215 2.544464 2.508542 9.143166
-1.222722 11.686984 -11.216262 2.469215 2.509826 9.101269
-0.258307 5.254404 -4.708689 2.495252 2.504232 9.123389
-0.643054 8.414988 -7.910454 2.456131 2.504742 9.159519
-1.237399 11.704195 -11.298079 2.526082 2.496442 9.139904
-1.702794 13.682796 -13.407602 2.467964 2.451868 9.112488
-1.861308 14.275639 -14.061326 2.493445 2.532163 9.103110
-2.960727 17.845137 -18.019119 2.489950 2.490334 9.101492
-4.137036 20.852699 -21.555424 2.526012 2.471755 9.150622
-4.531989 21.731853 -22.639717 2.454822 2.495608 9.159482
-4.508632 21.706861 -22.577490 2.538514 2.508096 9.119596
-5.506281 23.739002 -25.150099 2.487978 2.519888 9.162645
-6.690910 25.811619 -27.967813 2.525974 2.483200 9.159735
-7.661481 27.333433 -30.130550 2.513857 2.544900 9.142299
-8.016910 27.848360 -30.895151 2.517068 2.501714 9.182016
-5.842571 24.294960 -25.968901 2.541725 2.540715 9.138824
-4.538704 21.677937 -22.644064 2.494184 2.520935 9.134417
-5.589429 23.828419 -25.351336 2.472613 2.522392 9.183752
-7.433748 26.977680 -29.633352 2.518733 2.487548 9.197844
-5.529500 23.728527 -25.204729 2.528672 2.474688 9.127778
-4.578160 21.784111 -22.753962 2.503089 2.541916 9.183727
-5.435053 23.525204 -24.970760 2.492172 2.466764 9.106685
-5.506427 23.642977 -25.148445 2.456598 2.467348 9.146821
-5.319641 23.311304 -24.682247 2.510909 2.485232 9.103454
-4.913471 22.463661 -23.641863 2.540251 2.540015 9.195201
-5.586940 23.818974 -25.349310 2.540066 2.474354 9.141034
-5.911053 24.422729 -26.138956 2.505013 2.474609 9.177099
-5.783310 24.189619 -25.829802 2.517322 2.525600 9.179279
-6.285491 25.095055 -27.029972 2.508380 2.454014 9.175228
-7.780791 27.494846 -30.392004 2.547927 2.494154 9.187447
-6.802944 25.983278 -28.226303 2.461956 2.456751 9.129400
-8.726655 28.851477 -32.387848 2.514440 2.505169 9.139402
-7.700409 27.388388 -30.218010 2.506075 2.470272 9.134551
-10.093822 30.600887 -35.133400 2.484822 2.498390 9.162069
-11.056207 31.707657 -36.986675 2.477131 2.531012 9.181917
-12.802232 33.520340 -40.214134 2.508929 2.476402 9.119497
-14.995799 35.480576 -44.073139 2.466936 2.549944 9.118339
-13.844449 34.481266 -42.071999 2.460359 2.515613 9.126757
-13.502430 34.179520 -41.467575 2.481766 2.527194 9.146162
-15.626027 35.998688 -45.149162 2.511402 2.461566 9.128733
-16.051466 36.326866 -45.867702 2.510813 2.471746 9.166945
-15.106206 35.600368 -44.264385 2.511486 2.479982 9.194408
-13.410364 34.147179 -41.308315 2.487836 2.548712 9.147700
-13.880795 34.561398 -42.139385 2.544347 2.491906 9.106914
-16.209864 36.484188 -46.132362 2.506627 2.509064 9.154494
-16.729723 36.879253 -47.000130 2.538538 2.474648 9.119423
-15.784549 36.192638 -45.418488 2.489810 2.533514 9.197344
-17.412144 37.399326 -48.126030 2.520653 2.472751 9.114286
-19.051857 38.467152 -50.783634 2.531268 2.457524 9.163567
-21.031630 39.634136 -53.914974 2.488383 2.534839 9.196012
-18.778187 38.290039 -50.344563 2.457457 2.549022 9.177797
-17.241919 37.269901 -47.846188 2.511072 2.492913 9.119792
-16.286436 36.574299 -46.261044 2.461090 2.484610 9.159348
-18.007141 37.790630 -49.097797 2.496227 2.492797 9.132968
-17.517910 37.460926 -48.299328 2.475419 2.511825 9.105741
-20.415796 39.279613 -52.949707 2.486485 2.542901 9.140714
-18.926901 38.383102 -50.583431 2.548714 2.464483 9.173805
-23.865187 41.043358 -58.278412 2.466893 2.471171 9.125992
-21.671576 39.960697 -54.913021 2.513560 2.526142 9.112231
-25.176567 41.612736 -60.258259 2.523540 2.477808 9.147410
-24.623404 41.369080 -59.425892 2.493736 2.454651 9.173338
-22.221676 40.235741 -55.764030 2.460357 2.488671 9.185973
-26.692940 42.201347 -62.522266 2.532025 2.482752 9.193034
-27.196318 42.387245 -63.267994 2.482486 2.457227 9.135524
-23.330053 40.776192 -57.465038 2.487213 2.522748 9.183948
-24.008636 41.081932 -58.497894 2.456244 2.505497 9.125728
-22.853086 40.532417 -56.735771 2.506131 2.469356 9.192973
-21.363604 39.769054 -54.433910 2.537565 2.541638 9.156271
-18.631639 38.159084 -50.105419 2.486226 2.453070 9.121569
-18.643631 38.170979 -50.124729 2.487939 2.483557 9.166139
-18.211172 37.876026 -49.426155 2.545410 2.498198 9.192150
-18.702160 38.209690 -50.219929 2.524861 2.530934 9.181167
-20.117357 39.070137 -52.478245 2.476140 2.466856 9.157761
-15.454191 35.880047 -44.850235 2.493981 2.475586 9.146338
-15.877951 36.210186 -45.568012 2.473456 2.488693 9.144651
-16.278345 36.525265 -46.240715 2.450456 2.473012 9.148178
-16.408234 36.609806 -46.457634 2.470646 2.513770 9.141525
-17.366566 37.297791 -48.046127 2.465429 2.524905 9.103143
-16.576399 36.734112 -46.738422 2.460196 2.502202 9.105441
-19.041243 38.406723 -50.765457 2.454704 2.535578 9.155328
-18.323896 37.957954 -49.609665 2.496297 2.495933 9.135563
-18.948637 38.355618 -50.617241 2.534297 2.457770 9.109022
-21.870007 40.039177 -55.222404 2.460815 2.459546 9.178740
-18.043837 37.768055 -49.155655 2.528267 2.474988 9.109121
-20.087315 39.044983 -52.432793 2.529049 2.537708 9.103285
-19.291887 38.552078 -51.167065 2.491002 2.451559 9.135845
-18.369537 37.948551 -49.682117 2.496787 2.458815 9.191574
-17.737055 37.512733 -48.651779 2.479550 2.462437 9.112092
-16.856304 36.885677 -47.199913 2.507432 2.462628 9.176218
-16.928646 36.932865 -47.319809 2.543989 2.549536 9.110196
-19.411871 38.594769 -51.359245 2.476260 2.513043 9.172023
-18.451359 37.982796 -49.814915 2.466317 2.548481 9.155793
-20.066566 38.997524 -52.400940 2.507499 2.521823 9.133160
-18.962877 38.328976 -50.640308 2.515687 2.485253 9.170577
-19.748583 38.819878 -51.896534 2.453085 2.488305 9.191863
-16.639841 36.732944 -46.840988 2.519855 2.471327 9.151490
-14.459915 34.988869 -43.133446 2.488648 2.465924 9.180717
-13.860280 34.454098 -42.084370 2.453220 2.506974 9.142881
-13.497856 34.121967 -41.443516 2.491745 2.518978 9.149895
-13.385842 34.024170 -41.243126 2.546115 2.486414 9.178288
-13.870146 34.482845 -42.100922 2.532582 2.509903 9.110654
-15.594314 35.925583 -45.080891 2.469767 2.499884 9.126104
